<?xml version="1.0" encoding="UTF-8"?>
<!-- Generated by org.testng.reporters.JUnitXMLReporter -->
<testsuite hostname="User-PC" ignored="0" name="AutomationFirefox" tests="78" failures="0" timestamp="04 Jan 2023 10:40:58 GMT" time="497.646" errors="0">
  <testcase name="@BeforeMethod setEnvironment" time="1.498" classname="wrappers.TestNgWrapper">
    <failure type="io.github.bonigarcia.wdm.config.WebDriverManagerException" message="javax.net.ssl.SSLException: javax.crypto.AEADBadTagException: Tag mismatch!">
      <![CDATA[io.github.bonigarcia.wdm.config.WebDriverManagerException: javax.net.ssl.SSLException: javax.crypto.AEADBadTagException: Tag mismatch!
	at io.github.bonigarcia.wdm.WebDriverManager.handleException(WebDriverManager.java:1422)
	at io.github.bonigarcia.wdm.WebDriverManager.manage(WebDriverManager.java:1203)
	at io.github.bonigarcia.wdm.WebDriverManager.fallback(WebDriverManager.java:1438)
	at io.github.bonigarcia.wdm.WebDriverManager.handleException(WebDriverManager.java:1415)
	at io.github.bonigarcia.wdm.WebDriverManager.manage(WebDriverManager.java:1203)
	at io.github.bonigarcia.wdm.WebDriverManager.setup(WebDriverManager.java:418)
	at wrappers.SeleniumWrapper.invokeApp(SeleniumWrapper.java:118)
	at wrappers.TestNgWrapper.setEnvironment(TestNgWrapper.java:37)
	at java.util.concurrent.FutureTask.run(FutureTask.java:266)
	at java.util.concurrent.Executors$RunnableAdapter.call(Executors.java:511)
	at java.util.concurrent.FutureTask.run(FutureTask.java:266)
	at java.util.concurrent.ThreadPoolExecutor.runWorker(ThreadPoolExecutor.java:1149)
	at java.util.concurrent.ThreadPoolExecutor$Worker.run(ThreadPoolExecutor.java:624)
	at java.lang.Thread.run(Thread.java:750)
Caused by: javax.net.ssl.SSLException: javax.crypto.AEADBadTagException: Tag mismatch!
	at sun.security.ssl.Alert.createSSLException(Alert.java:133)
	at sun.security.ssl.TransportContext.fatal(TransportContext.java:370)
	at sun.security.ssl.TransportContext.fatal(TransportContext.java:313)
	at sun.security.ssl.TransportContext.fatal(TransportContext.java:308)
	at sun.security.ssl.SSLTransport.decode(SSLTransport.java:120)
	at sun.security.ssl.SSLSocketImpl.decode(SSLSocketImpl.java:1323)
	at sun.security.ssl.SSLSocketImpl.readApplicationRecord(SSLSocketImpl.java:1292)
	at sun.security.ssl.SSLSocketImpl.access$300(SSLSocketImpl.java:76)
	at sun.security.ssl.SSLSocketImpl$AppInputStream.read(SSLSocketImpl.java:948)
	at org.apache.hc.client5.http.impl.io.LoggingInputStream.read(LoggingInputStream.java:81)
	at org.apache.hc.core5.http.impl.io.SessionInputBufferImpl.read(SessionInputBufferImpl.java:195)
	at org.apache.hc.core5.http.impl.io.ContentLengthInputStream.read(ContentLengthInputStream.java:173)
	at org.apache.hc.core5.http.io.EofSensorInputStream.read(EofSensorInputStream.java:135)
	at org.apache.hc.core5.http.io.EofSensorInputStream.read(EofSensorInputStream.java:148)
	at org.apache.commons.io.IOUtils.copyLarge(IOUtils.java:1309)
	at org.apache.commons.io.IOUtils.copy(IOUtils.java:978)
	at org.apache.commons.io.IOUtils.copyLarge(IOUtils.java:1282)
	at org.apache.commons.io.IOUtils.copy(IOUtils.java:953)
	at org.apache.commons.io.FileUtils.copyToFile(FileUtils.java:1043)
	at org.apache.commons.io.FileUtils.copyInputStreamToFile(FileUtils.java:952)
	at io.github.bonigarcia.wdm.online.Downloader.downloadAndExtract(Downloader.java:135)
	at io.github.bonigarcia.wdm.online.Downloader.download(Downloader.java:90)
	at io.github.bonigarcia.wdm.WebDriverManager.download(WebDriverManager.java:1281)
	at io.github.bonigarcia.wdm.WebDriverManager.manage(WebDriverManager.java:1197)
	... 23 more
Caused by: javax.crypto.AEADBadTagException: Tag mismatch!
	at com.sun.crypto.provider.GaloisCounterMode.decryptFinal(GaloisCounterMode.java:620)
	at com.sun.crypto.provider.CipherCore.finalNoPadding(CipherCore.java:1116)
	at com.sun.crypto.provider.CipherCore.fillOutputBuffer(CipherCore.java:1053)
	at com.sun.crypto.provider.CipherCore.doFinal(CipherCore.java:941)
	at com.sun.crypto.provider.AESCipher.engineDoFinal(AESCipher.java:491)
	at javax.crypto.CipherSpi.bufferCrypt(CipherSpi.java:779)
	at javax.crypto.CipherSpi.engineDoFinal(CipherSpi.java:730)
	at javax.crypto.Cipher.doFinal(Cipher.java:2467)
	at sun.security.ssl.SSLCipher$T13GcmReadCipherGenerator$GcmReadCipher.decrypt(SSLCipher.java:1880)
	at sun.security.ssl.SSLSocketInputRecord.decodeInputRecord(SSLSocketInputRecord.java:259)
	at sun.security.ssl.SSLSocketInputRecord.decode(SSLSocketInputRecord.java:180)
	at sun.security.ssl.SSLTransport.decode(SSLTransport.java:111)
	... 42 more
... Removed 11 stack frames]]>
    </failure>
  </testcase> <!-- @BeforeMethod setEnvironment -->
  <testcase name="@BeforeMethod setEnvironment" time="0.0" classname="wrappers.TestNgWrapper">
    <skipped/>
  </testcase> <!-- @BeforeMethod setEnvironment -->
  <testcase name="@BeforeMethod setEnvironment" time="0.0" classname="wrappers.TestNgWrapper">
    <skipped/>
  </testcase> <!-- @BeforeMethod setEnvironment -->
  <testcase name="@BeforeMethod setEnvironment" time="0.0" classname="wrappers.TestNgWrapper">
    <skipped/>
  </testcase> <!-- @BeforeMethod setEnvironment -->
  <testcase name="@BeforeMethod setEnvironment" time="0.0" classname="wrappers.TestNgWrapper">
    <skipped/>
  </testcase> <!-- @BeforeMethod setEnvironment -->
  <testcase name="@BeforeMethod setEnvironment" time="0.0" classname="wrappers.TestNgWrapper">
    <skipped/>
  </testcase> <!-- @BeforeMethod setEnvironment -->
  <testcase name="@BeforeMethod setEnvironment" time="0.0" classname="wrappers.TestNgWrapper">
    <skipped/>
  </testcase> <!-- @BeforeMethod setEnvironment -->
  <testcase name="@BeforeMethod setEnvironment" time="0.0" classname="wrappers.TestNgWrapper">
    <skipped/>
  </testcase> <!-- @BeforeMethod setEnvironment -->
  <testcase name="@BeforeMethod setEnvironment" time="0.0" classname="wrappers.TestNgWrapper">
    <skipped/>
  </testcase> <!-- @BeforeMethod setEnvironment -->
  <testcase name="@BeforeMethod setEnvironment" time="0.0" classname="wrappers.TestNgWrapper">
    <skipped/>
  </testcase> <!-- @BeforeMethod setEnvironment -->
  <testcase name="@BeforeMethod setEnvironment" time="0.0" classname="wrappers.TestNgWrapper">
    <skipped/>
  </testcase> <!-- @BeforeMethod setEnvironment -->
  <testcase name="@BeforeMethod setEnvironment" time="0.0" classname="wrappers.TestNgWrapper">
    <skipped/>
  </testcase> <!-- @BeforeMethod setEnvironment -->
  <testcase name="@BeforeMethod setEnvironment" time="0.0" classname="wrappers.TestNgWrapper">
    <skipped/>
  </testcase> <!-- @BeforeMethod setEnvironment -->
  <testcase name="@BeforeMethod setEnvironment" time="0.0" classname="wrappers.TestNgWrapper">
    <skipped/>
  </testcase> <!-- @BeforeMethod setEnvironment -->
  <testcase name="@BeforeMethod setEnvironment" time="0.0" classname="wrappers.TestNgWrapper">
    <skipped/>
  </testcase> <!-- @BeforeMethod setEnvironment -->
  <testcase name="@BeforeMethod setEnvironment" time="0.0" classname="wrappers.TestNgWrapper">
    <skipped/>
  </testcase> <!-- @BeforeMethod setEnvironment -->
  <testcase name="@BeforeMethod setEnvironment" time="0.0" classname="wrappers.TestNgWrapper">
    <skipped/>
  </testcase> <!-- @BeforeMethod setEnvironment -->
  <testcase name="@BeforeMethod setEnvironment" time="0.0" classname="wrappers.TestNgWrapper">
    <skipped/>
  </testcase> <!-- @BeforeMethod setEnvironment -->
  <testcase name="@BeforeMethod setEnvironment" time="0.0" classname="wrappers.TestNgWrapper">
    <skipped/>
  </testcase> <!-- @BeforeMethod setEnvironment -->
  <testcase name="@BeforeMethod setEnvironment" time="0.0" classname="wrappers.TestNgWrapper">
    <skipped/>
  </testcase> <!-- @BeforeMethod setEnvironment -->
  <testcase name="@BeforeMethod setEnvironment" time="0.0" classname="wrappers.TestNgWrapper">
    <skipped/>
  </testcase> <!-- @BeforeMethod setEnvironment -->
  <testcase name="@BeforeMethod setEnvironment" time="0.0" classname="wrappers.TestNgWrapper">
    <skipped/>
  </testcase> <!-- @BeforeMethod setEnvironment -->
  <testcase name="@BeforeMethod setEnvironment" time="0.0" classname="wrappers.TestNgWrapper">
    <skipped/>
  </testcase> <!-- @BeforeMethod setEnvironment -->
  <testcase name="@BeforeMethod setEnvironment" time="0.0" classname="wrappers.TestNgWrapper">
    <skipped/>
  </testcase> <!-- @BeforeMethod setEnvironment -->
  <testcase name="@BeforeMethod setEnvironment" time="0.0" classname="wrappers.TestNgWrapper">
    <skipped/>
  </testcase> <!-- @BeforeMethod setEnvironment -->
  <testcase name="@BeforeMethod setEnvironment" time="0.0" classname="wrappers.TestNgWrapper">
    <skipped/>
  </testcase> <!-- @BeforeMethod setEnvironment -->
  <testcase name="@BeforeMethod setEnvironment" time="0.0" classname="wrappers.TestNgWrapper">
    <skipped/>
  </testcase> <!-- @BeforeMethod setEnvironment -->
  <testcase name="@BeforeMethod setEnvironment" time="0.0" classname="wrappers.TestNgWrapper">
    <skipped/>
  </testcase> <!-- @BeforeMethod setEnvironment -->
  <testcase name="@BeforeMethod setEnvironment" time="0.0" classname="wrappers.TestNgWrapper">
    <skipped/>
  </testcase> <!-- @BeforeMethod setEnvironment -->
  <testcase name="@BeforeMethod setEnvironment" time="0.0" classname="wrappers.TestNgWrapper">
    <skipped/>
  </testcase> <!-- @BeforeMethod setEnvironment -->
  <testcase name="@BeforeMethod setEnvironment" time="0.0" classname="wrappers.TestNgWrapper">
    <skipped/>
  </testcase> <!-- @BeforeMethod setEnvironment -->
  <testcase name="@BeforeMethod setEnvironment" time="0.0" classname="wrappers.TestNgWrapper">
    <skipped/>
  </testcase> <!-- @BeforeMethod setEnvironment -->
  <testcase name="@BeforeMethod setEnvironment" time="0.0" classname="wrappers.TestNgWrapper">
    <skipped/>
  </testcase> <!-- @BeforeMethod setEnvironment -->
  <testcase name="@BeforeMethod setEnvironment" time="0.0" classname="wrappers.TestNgWrapper">
    <skipped/>
  </testcase> <!-- @BeforeMethod setEnvironment -->
  <testcase name="@BeforeMethod setEnvironment" time="0.0" classname="wrappers.TestNgWrapper">
    <skipped/>
  </testcase> <!-- @BeforeMethod setEnvironment -->
  <testcase name="@BeforeMethod setEnvironment" time="0.0" classname="wrappers.TestNgWrapper">
    <skipped/>
  </testcase> <!-- @BeforeMethod setEnvironment -->
  <testcase name="@BeforeMethod setEnvironment" time="0.0" classname="wrappers.TestNgWrapper">
    <skipped/>
  </testcase> <!-- @BeforeMethod setEnvironment -->
  <testcase name="@BeforeMethod setEnvironment" time="0.0" classname="wrappers.TestNgWrapper">
    <skipped/>
  </testcase> <!-- @BeforeMethod setEnvironment -->
  <testcase name="@BeforeMethod setEnvironment" time="0.0" classname="wrappers.TestNgWrapper">
    <skipped/>
  </testcase> <!-- @BeforeMethod setEnvironment -->
  <testcase name="@BeforeMethod setEnvironment" time="0.0" classname="wrappers.TestNgWrapper">
    <skipped/>
  </testcase> <!-- @BeforeMethod setEnvironment -->
  <testcase name="@BeforeMethod setEnvironment" time="0.0" classname="wrappers.TestNgWrapper">
    <skipped/>
  </testcase> <!-- @BeforeMethod setEnvironment -->
  <testcase name="@BeforeMethod setEnvironment" time="0.0" classname="wrappers.TestNgWrapper">
    <skipped/>
  </testcase> <!-- @BeforeMethod setEnvironment -->
  <testcase name="@BeforeMethod setEnvironment" time="0.0" classname="wrappers.TestNgWrapper">
    <skipped/>
  </testcase> <!-- @BeforeMethod setEnvironment -->
  <testcase name="@BeforeMethod setEnvironment" time="0.0" classname="wrappers.TestNgWrapper">
    <skipped/>
  </testcase> <!-- @BeforeMethod setEnvironment -->
  <testcase name="@BeforeMethod setEnvironment" time="0.0" classname="wrappers.TestNgWrapper">
    <skipped/>
  </testcase> <!-- @BeforeMethod setEnvironment -->
  <testcase name="@BeforeMethod setEnvironment" time="0.0" classname="wrappers.TestNgWrapper">
    <skipped/>
  </testcase> <!-- @BeforeMethod setEnvironment -->
  <testcase name="@BeforeMethod setEnvironment" time="0.0" classname="wrappers.TestNgWrapper">
    <skipped/>
  </testcase> <!-- @BeforeMethod setEnvironment -->
  <testcase name="@BeforeMethod setEnvironment" time="0.0" classname="wrappers.TestNgWrapper">
    <skipped/>
  </testcase> <!-- @BeforeMethod setEnvironment -->
  <testcase name="@BeforeMethod setEnvironment" time="0.0" classname="wrappers.TestNgWrapper">
    <skipped/>
  </testcase> <!-- @BeforeMethod setEnvironment -->
  <testcase name="@BeforeMethod setEnvironment" time="0.0" classname="wrappers.TestNgWrapper">
    <skipped/>
  </testcase> <!-- @BeforeMethod setEnvironment -->
  <testcase name="@BeforeMethod setEnvironment" time="0.0" classname="wrappers.TestNgWrapper">
    <skipped/>
  </testcase> <!-- @BeforeMethod setEnvironment -->
  <testcase name="@BeforeMethod setEnvironment" time="0.0" classname="wrappers.TestNgWrapper">
    <skipped/>
  </testcase> <!-- @BeforeMethod setEnvironment -->
  <testcase name="@BeforeMethod setEnvironment" time="0.0" classname="wrappers.TestNgWrapper">
    <skipped/>
  </testcase> <!-- @BeforeMethod setEnvironment -->
  <testcase name="@BeforeMethod setEnvironment" time="0.0" classname="wrappers.TestNgWrapper">
    <skipped/>
  </testcase> <!-- @BeforeMethod setEnvironment -->
  <testcase name="@BeforeMethod setEnvironment" time="0.0" classname="wrappers.TestNgWrapper">
    <skipped/>
  </testcase> <!-- @BeforeMethod setEnvironment -->
  <testcase name="@BeforeMethod setEnvironment" time="0.0" classname="wrappers.TestNgWrapper">
    <skipped/>
  </testcase> <!-- @BeforeMethod setEnvironment -->
  <testcase name="@BeforeMethod setEnvironment" time="0.0" classname="wrappers.TestNgWrapper">
    <skipped/>
  </testcase> <!-- @BeforeMethod setEnvironment -->
  <testcase name="@BeforeMethod setEnvironment" time="0.0" classname="wrappers.TestNgWrapper">
    <skipped/>
  </testcase> <!-- @BeforeMethod setEnvironment -->
  <testcase name="@BeforeMethod setEnvironment" time="0.0" classname="wrappers.TestNgWrapper">
    <skipped/>
  </testcase> <!-- @BeforeMethod setEnvironment -->
  <testcase name="@BeforeMethod setEnvironment" time="0.0" classname="wrappers.TestNgWrapper">
    <skipped/>
  </testcase> <!-- @BeforeMethod setEnvironment -->
  <testcase name="@BeforeMethod setEnvironment" time="0.0" classname="wrappers.TestNgWrapper">
    <skipped/>
  </testcase> <!-- @BeforeMethod setEnvironment -->
  <testcase name="@BeforeMethod setEnvironment" time="0.0" classname="wrappers.TestNgWrapper">
    <skipped/>
  </testcase> <!-- @BeforeMethod setEnvironment -->
  <testcase name="@BeforeMethod setEnvironment" time="0.0" classname="wrappers.TestNgWrapper">
    <skipped/>
  </testcase> <!-- @BeforeMethod setEnvironment -->
  <testcase name="@BeforeMethod setEnvironment" time="0.0" classname="wrappers.TestNgWrapper">
    <skipped/>
  </testcase> <!-- @BeforeMethod setEnvironment -->
  <testcase name="@BeforeMethod setEnvironment" time="0.0" classname="wrappers.TestNgWrapper">
    <skipped/>
  </testcase> <!-- @BeforeMethod setEnvironment -->
  <testcase name="@BeforeMethod setEnvironment" time="0.0" classname="wrappers.TestNgWrapper">
    <skipped/>
  </testcase> <!-- @BeforeMethod setEnvironment -->
  <testcase name="@BeforeMethod setEnvironment" time="0.0" classname="wrappers.TestNgWrapper">
    <skipped/>
  </testcase> <!-- @BeforeMethod setEnvironment -->
  <testcase name="@BeforeMethod setEnvironment" time="0.0" classname="wrappers.TestNgWrapper">
    <skipped/>
  </testcase> <!-- @BeforeMethod setEnvironment -->
  <testcase name="@BeforeMethod setEnvironment" time="0.0" classname="wrappers.TestNgWrapper">
    <skipped/>
  </testcase> <!-- @BeforeMethod setEnvironment -->
  <testcase name="@BeforeMethod setEnvironment" time="0.0" classname="wrappers.TestNgWrapper">
    <skipped/>
  </testcase> <!-- @BeforeMethod setEnvironment -->
  <testcase name="@BeforeMethod setEnvironment" time="0.0" classname="wrappers.TestNgWrapper">
    <skipped/>
  </testcase> <!-- @BeforeMethod setEnvironment -->
  <testcase name="@BeforeMethod setEnvironment" time="0.0" classname="wrappers.TestNgWrapper">
    <skipped/>
  </testcase> <!-- @BeforeMethod setEnvironment -->
  <testcase name="@BeforeMethod setEnvironment" time="0.0" classname="wrappers.TestNgWrapper">
    <skipped/>
  </testcase> <!-- @BeforeMethod setEnvironment -->
  <testcase name="@BeforeMethod setEnvironment" time="0.0" classname="wrappers.TestNgWrapper">
    <skipped/>
  </testcase> <!-- @BeforeMethod setEnvironment -->
  <testcase name="runFeature" time="0.001" classname="automationTesting.runner.AutomationTestRunner">
    <skipped/>
  </testcase> <!-- runFeature -->
  <testcase name="runFeature" time="0.0" classname="automationTesting.runner.AutomationTestRunner">
    <skipped/>
  </testcase> <!-- runFeature -->
  <testcase name="runFeature" time="0.0" classname="automationTesting.runner.AutomationTestRunner">
    <skipped/>
  </testcase> <!-- runFeature -->
  <testcase name="runFeature" time="0.0" classname="automationTesting.runner.AutomationTestRunner">
    <skipped/>
  </testcase> <!-- runFeature -->
  <testcase name="runFeature" time="0.0" classname="automationTesting.runner.AutomationTestRunner">
    <skipped/>
  </testcase> <!-- runFeature -->
  <testcase name="runFeature" time="0.0" classname="automationTesting.runner.AutomationTestRunner">
    <skipped/>
  </testcase> <!-- runFeature -->
  <testcase name="runFeature" time="0.0" classname="automationTesting.runner.AutomationTestRunner">
    <skipped/>
  </testcase> <!-- runFeature -->
  <testcase name="runFeature" time="0.0" classname="automationTesting.runner.AutomationTestRunner">
    <skipped/>
  </testcase> <!-- runFeature -->
  <testcase name="runFeature" time="0.0" classname="automationTesting.runner.AutomationTestRunner">
    <skipped/>
  </testcase> <!-- runFeature -->
  <testcase name="runFeature" time="0.0" classname="automationTesting.runner.AutomationTestRunner">
    <skipped/>
  </testcase> <!-- runFeature -->
  <testcase name="runFeature" time="0.0" classname="automationTesting.runner.AutomationTestRunner">
    <skipped/>
  </testcase> <!-- runFeature -->
  <testcase name="runFeature" time="0.0" classname="automationTesting.runner.AutomationTestRunner">
    <skipped/>
  </testcase> <!-- runFeature -->
  <testcase name="runFeature" time="0.0" classname="automationTesting.runner.AutomationTestRunner">
    <skipped/>
  </testcase> <!-- runFeature -->
  <testcase name="runFeature" time="0.0" classname="automationTesting.runner.AutomationTestRunner">
    <skipped/>
  </testcase> <!-- runFeature -->
  <testcase name="runFeature" time="0.0" classname="automationTesting.runner.AutomationTestRunner">
    <skipped/>
  </testcase> <!-- runFeature -->
  <testcase name="runFeature" time="0.0" classname="automationTesting.runner.AutomationTestRunner">
    <skipped/>
  </testcase> <!-- runFeature -->
  <testcase name="runFeature" time="0.0" classname="automationTesting.runner.AutomationTestRunner">
    <skipped/>
  </testcase> <!-- runFeature -->
  <testcase name="runFeature" time="0.0" classname="automationTesting.runner.AutomationTestRunner">
    <skipped/>
  </testcase> <!-- runFeature -->
  <testcase name="runFeature" time="0.0" classname="automationTesting.runner.AutomationTestRunner">
    <skipped/>
  </testcase> <!-- runFeature -->
  <testcase name="runFeature" time="0.0" classname="automationTesting.runner.AutomationTestRunner">
    <skipped/>
  </testcase> <!-- runFeature -->
  <testcase name="runFeature" time="0.0" classname="automationTesting.runner.AutomationTestRunner">
    <skipped/>
  </testcase> <!-- runFeature -->
  <testcase name="runFeature" time="0.0" classname="automationTesting.runner.AutomationTestRunner">
    <skipped/>
  </testcase> <!-- runFeature -->
  <testcase name="runFeature" time="0.0" classname="automationTesting.runner.AutomationTestRunner">
    <skipped/>
  </testcase> <!-- runFeature -->
  <testcase name="runFeature" time="0.0" classname="automationTesting.runner.AutomationTestRunner">
    <skipped/>
  </testcase> <!-- runFeature -->
  <testcase name="runFeature" time="0.0" classname="automationTesting.runner.AutomationTestRunner">
    <skipped/>
  </testcase> <!-- runFeature -->
  <testcase name="runFeature" time="0.0" classname="automationTesting.runner.AutomationTestRunner">
    <skipped/>
  </testcase> <!-- runFeature -->
  <testcase name="runFeature" time="0.0" classname="automationTesting.runner.AutomationTestRunner">
    <skipped/>
  </testcase> <!-- runFeature -->
  <testcase name="runFeature" time="0.0" classname="automationTesting.runner.AutomationTestRunner">
    <skipped/>
  </testcase> <!-- runFeature -->
  <testcase name="runFeature" time="0.0" classname="automationTesting.runner.AutomationTestRunner">
    <skipped/>
  </testcase> <!-- runFeature -->
  <testcase name="runFeature" time="0.0" classname="automationTesting.runner.AutomationTestRunner">
    <skipped/>
  </testcase> <!-- runFeature -->
  <testcase name="runFeature" time="0.0" classname="automationTesting.runner.AutomationTestRunner">
    <skipped/>
  </testcase> <!-- runFeature -->
  <testcase name="runFeature" time="0.0" classname="automationTesting.runner.AutomationTestRunner">
    <skipped/>
  </testcase> <!-- runFeature -->
  <testcase name="runFeature" time="0.0" classname="automationTesting.runner.AutomationTestRunner">
    <skipped/>
  </testcase> <!-- runFeature -->
  <testcase name="runFeature" time="0.0" classname="automationTesting.runner.AutomationTestRunner">
    <skipped/>
  </testcase> <!-- runFeature -->
  <testcase name="runFeature" time="0.0" classname="automationTesting.runner.AutomationTestRunner">
    <skipped/>
  </testcase> <!-- runFeature -->
  <testcase name="runFeature" time="0.0" classname="automationTesting.runner.AutomationTestRunner">
    <skipped/>
  </testcase> <!-- runFeature -->
  <testcase name="runFeature" time="0.0" classname="automationTesting.runner.AutomationTestRunner">
    <skipped/>
  </testcase> <!-- runFeature -->
  <testcase name="runFeature" time="0.0" classname="automationTesting.runner.AutomationTestRunner">
    <skipped/>
  </testcase> <!-- runFeature -->
  <testcase name="runFeature" time="0.0" classname="automationTesting.runner.AutomationTestRunner">
    <skipped/>
  </testcase> <!-- runFeature -->
  <testcase name="runFeature" time="0.0" classname="automationTesting.runner.AutomationTestRunner">
    <skipped/>
  </testcase> <!-- runFeature -->
  <testcase name="runFeature" time="0.0" classname="automationTesting.runner.AutomationTestRunner">
    <skipped/>
  </testcase> <!-- runFeature -->
  <testcase name="runFeature" time="0.0" classname="automationTesting.runner.AutomationTestRunner">
    <skipped/>
  </testcase> <!-- runFeature -->
  <testcase name="runFeature" time="0.0" classname="automationTesting.runner.AutomationTestRunner">
    <skipped/>
  </testcase> <!-- runFeature -->
  <testcase name="runFeature" time="0.0" classname="automationTesting.runner.AutomationTestRunner">
    <skipped/>
  </testcase> <!-- runFeature -->
  <testcase name="runFeature" time="0.0" classname="automationTesting.runner.AutomationTestRunner">
    <skipped/>
  </testcase> <!-- runFeature -->
  <testcase name="runFeature" time="0.0" classname="automationTesting.runner.AutomationTestRunner">
    <skipped/>
  </testcase> <!-- runFeature -->
  <testcase name="runFeature" time="0.0" classname="automationTesting.runner.AutomationTestRunner">
    <skipped/>
  </testcase> <!-- runFeature -->
  <testcase name="runFeature" time="0.0" classname="automationTesting.runner.AutomationTestRunner">
    <skipped/>
  </testcase> <!-- runFeature -->
  <testcase name="runFeature" time="0.0" classname="automationTesting.runner.AutomationTestRunner">
    <skipped/>
  </testcase> <!-- runFeature -->
  <testcase name="runFeature" time="0.0" classname="automationTesting.runner.AutomationTestRunner">
    <skipped/>
  </testcase> <!-- runFeature -->
  <testcase name="runFeature" time="0.0" classname="automationTesting.runner.AutomationTestRunner">
    <skipped/>
  </testcase> <!-- runFeature -->
  <testcase name="runFeature" time="0.0" classname="automationTesting.runner.AutomationTestRunner">
    <skipped/>
  </testcase> <!-- runFeature -->
  <testcase name="runFeature" time="0.0" classname="automationTesting.runner.AutomationTestRunner">
    <skipped/>
  </testcase> <!-- runFeature -->
  <testcase name="runFeature" time="0.0" classname="automationTesting.runner.AutomationTestRunner">
    <skipped/>
  </testcase> <!-- runFeature -->
  <testcase name="runFeature" time="0.0" classname="automationTesting.runner.AutomationTestRunner">
    <skipped/>
  </testcase> <!-- runFeature -->
  <testcase name="runFeature" time="0.0" classname="automationTesting.runner.AutomationTestRunner">
    <skipped/>
  </testcase> <!-- runFeature -->
  <testcase name="runFeature" time="0.0" classname="automationTesting.runner.AutomationTestRunner">
    <skipped/>
  </testcase> <!-- runFeature -->
  <testcase name="runFeature" time="0.0" classname="automationTesting.runner.AutomationTestRunner">
    <skipped/>
  </testcase> <!-- runFeature -->
  <testcase name="runFeature" time="0.0" classname="automationTesting.runner.AutomationTestRunner">
    <skipped/>
  </testcase> <!-- runFeature -->
  <testcase name="runFeature" time="0.0" classname="automationTesting.runner.AutomationTestRunner">
    <skipped/>
  </testcase> <!-- runFeature -->
  <testcase name="runFeature" time="0.0" classname="automationTesting.runner.AutomationTestRunner">
    <skipped/>
  </testcase> <!-- runFeature -->
  <testcase name="runFeature" time="0.0" classname="automationTesting.runner.AutomationTestRunner">
    <skipped/>
  </testcase> <!-- runFeature -->
  <testcase name="runFeature" time="0.0" classname="automationTesting.runner.AutomationTestRunner">
    <skipped/>
  </testcase> <!-- runFeature -->
  <testcase name="runFeature" time="0.0" classname="automationTesting.runner.AutomationTestRunner">
    <skipped/>
  </testcase> <!-- runFeature -->
  <testcase name="runFeature" time="0.0" classname="automationTesting.runner.AutomationTestRunner">
    <skipped/>
  </testcase> <!-- runFeature -->
  <testcase name="runFeature" time="0.0" classname="automationTesting.runner.AutomationTestRunner">
    <skipped/>
  </testcase> <!-- runFeature -->
  <testcase name="runFeature" time="0.0" classname="automationTesting.runner.AutomationTestRunner">
    <skipped/>
  </testcase> <!-- runFeature -->
  <testcase name="runFeature" time="0.0" classname="automationTesting.runner.AutomationTestRunner">
    <skipped/>
  </testcase> <!-- runFeature -->
  <testcase name="runFeature" time="0.0" classname="automationTesting.runner.AutomationTestRunner">
    <skipped/>
  </testcase> <!-- runFeature -->
  <testcase name="runFeature" time="0.0" classname="automationTesting.runner.AutomationTestRunner">
    <skipped/>
  </testcase> <!-- runFeature -->
  <testcase name="runFeature" time="0.0" classname="automationTesting.runner.AutomationTestRunner">
    <skipped/>
  </testcase> <!-- runFeature -->
  <testcase name="runFeature" time="0.0" classname="automationTesting.runner.AutomationTestRunner">
    <skipped/>
  </testcase> <!-- runFeature -->
  <testcase name="runFeature" time="0.0" classname="automationTesting.runner.AutomationTestRunner">
    <skipped/>
  </testcase> <!-- runFeature -->
  <testcase name="runFeature" time="0.0" classname="automationTesting.runner.AutomationTestRunner">
    <skipped/>
  </testcase> <!-- runFeature -->
  <testcase name="runFeature" time="0.0" classname="automationTesting.runner.AutomationTestRunner">
    <skipped/>
  </testcase> <!-- runFeature -->
  <testcase name="runFeature" time="0.0" classname="automationTesting.runner.AutomationTestRunner">
    <skipped/>
  </testcase> <!-- runFeature -->
  <testcase name="runFeature" time="0.0" classname="automationTesting.runner.AutomationTestRunner">
    <skipped/>
  </testcase> <!-- runFeature -->
  <testcase name="runFeature" time="0.0" classname="automationTesting.runner.AutomationTestRunner">
    <skipped/>
  </testcase> <!-- runFeature -->
</testsuite> <!-- AutomationFirefox -->
