<?xml version="1.0" encoding="UTF-8"?>
<!-- Generated by org.testng.reporters.JUnitXMLReporter -->
<testsuite hostname="User-PC" ignored="0" name="AutomationChrome" tests="78" failures="0" timestamp="04 Jan 2023 10:32:40 GMT" time="629.822" errors="0">
  <testcase name="runFeature" time="20.388" classname="automationTesting.runner.AutomationTestRunner">
    <skipped/>
  </testcase> <!-- runFeature -->
  <testcase name="runFeature" time="28.943" classname="automationTesting.runner.AutomationTestRunner"/>
  <testcase name="runFeature" time="26.699" classname="automationTesting.runner.AutomationTestRunner"/>
  <testcase name="runFeature" time="39.642" classname="automationTesting.runner.AutomationTestRunner"/>
  <testcase name="runFeature" time="50.219" classname="automationTesting.runner.AutomationTestRunner"/>
  <testcase name="runFeature" time="38.64" classname="automationTesting.runner.AutomationTestRunner"/>
  <testcase name="runFeature" time="41.557" classname="automationTesting.runner.AutomationTestRunner"/>
  <testcase name="runFeature" time="42.957" classname="automationTesting.runner.AutomationTestRunner"/>
  <testcase name="runFeature" time="42.592" classname="automationTesting.runner.AutomationTestRunner"/>
  <testcase name="runFeature" time="53.23" classname="automationTesting.runner.AutomationTestRunner"/>
  <testcase name="runFeature" time="19.728" classname="automationTesting.runner.AutomationTestRunner"/>
  <testcase name="runFeature" time="43.114" classname="automationTesting.runner.AutomationTestRunner"/>
  <testcase name="runFeature" time="44.037" classname="automationTesting.runner.AutomationTestRunner"/>
  <testcase name="runFeature" time="30.354" classname="automationTesting.runner.AutomationTestRunner"/>
  <testcase name="runFeature" time="26.033" classname="automationTesting.runner.AutomationTestRunner"/>
  <testcase name="runFeature" time="20.179" classname="automationTesting.runner.AutomationTestRunner"/>
  <testcase name="runFeature" time="28.22" classname="automationTesting.runner.AutomationTestRunner"/>
  <testcase name="runFeature" time="19.587" classname="automationTesting.runner.AutomationTestRunner"/>
  <testcase name="runFeature" time="38.208" classname="automationTesting.runner.AutomationTestRunner"/>
  <testcase name="runFeature" time="35.828" classname="automationTesting.runner.AutomationTestRunner"/>
  <testcase name="runFeature" time="20.871" classname="automationTesting.runner.AutomationTestRunner"/>
  <testcase name="runFeature" time="17.672" classname="automationTesting.runner.AutomationTestRunner"/>
  <testcase name="runFeature" time="33.504" classname="automationTesting.runner.AutomationTestRunner"/>
  <testcase name="runFeature" time="22.834" classname="automationTesting.runner.AutomationTestRunner"/>
  <testcase name="runFeature" time="23.814" classname="automationTesting.runner.AutomationTestRunner"/>
  <testcase name="runFeature" time="47.848" classname="automationTesting.runner.AutomationTestRunner"/>
  <testcase name="runFeature" time="55.64" classname="automationTesting.runner.AutomationTestRunner"/>
  <testcase name="runFeature" time="52.157" classname="automationTesting.runner.AutomationTestRunner"/>
  <testcase name="runFeature" time="38.118" classname="automationTesting.runner.AutomationTestRunner"/>
  <testcase name="runFeature" time="34.355" classname="automationTesting.runner.AutomationTestRunner"/>
  <testcase name="runFeature" time="25.274" classname="automationTesting.runner.AutomationTestRunner"/>
  <testcase name="runFeature" time="24.804" classname="automationTesting.runner.AutomationTestRunner"/>
  <testcase name="runFeature" time="20.55" classname="automationTesting.runner.AutomationTestRunner"/>
  <testcase name="runFeature" time="19.595" classname="automationTesting.runner.AutomationTestRunner"/>
  <testcase name="runFeature" time="40.15" classname="automationTesting.runner.AutomationTestRunner"/>
  <testcase name="runFeature" time="32.495" classname="automationTesting.runner.AutomationTestRunner"/>
  <testcase name="runFeature" time="33.175" classname="automationTesting.runner.AutomationTestRunner"/>
  <testcase name="runFeature" time="35.888" classname="automationTesting.runner.AutomationTestRunner"/>
  <testcase name="runFeature" time="30.306" classname="automationTesting.runner.AutomationTestRunner"/>
  <testcase name="runFeature" time="21.209" classname="automationTesting.runner.AutomationTestRunner"/>
  <testcase name="runFeature" time="31.532" classname="automationTesting.runner.AutomationTestRunner"/>
  <testcase name="runFeature" time="23.262" classname="automationTesting.runner.AutomationTestRunner"/>
  <testcase name="runFeature" time="49.44" classname="automationTesting.runner.AutomationTestRunner">
    <skipped/>
  </testcase> <!-- runFeature -->
  <testcase name="runFeature" time="48.201" classname="automationTesting.runner.AutomationTestRunner">
    <skipped/>
  </testcase> <!-- runFeature -->
  <testcase name="runFeature" time="46.759" classname="automationTesting.runner.AutomationTestRunner">
    <skipped/>
  </testcase> <!-- runFeature -->
  <testcase name="runFeature" time="49.262" classname="automationTesting.runner.AutomationTestRunner">
    <skipped/>
  </testcase> <!-- runFeature -->
  <testcase name="runFeature" time="56.444" classname="automationTesting.runner.AutomationTestRunner">
    <skipped/>
  </testcase> <!-- runFeature -->
  <testcase name="runFeature" time="45.253" classname="automationTesting.runner.AutomationTestRunner">
    <skipped/>
  </testcase> <!-- runFeature -->
  <testcase name="runFeature" time="46.993" classname="automationTesting.runner.AutomationTestRunner">
    <skipped/>
  </testcase> <!-- runFeature -->
  <testcase name="runFeature" time="44.233" classname="automationTesting.runner.AutomationTestRunner">
    <skipped/>
  </testcase> <!-- runFeature -->
  <testcase name="runFeature" time="45.024" classname="automationTesting.runner.AutomationTestRunner">
    <skipped/>
  </testcase> <!-- runFeature -->
  <testcase name="runFeature" time="41.333" classname="automationTesting.runner.AutomationTestRunner">
    <skipped/>
  </testcase> <!-- runFeature -->
  <testcase name="runFeature" time="10.29" classname="automationTesting.runner.AutomationTestRunner"/>
  <testcase name="runFeature" time="42.241" classname="automationTesting.runner.AutomationTestRunner">
    <skipped/>
  </testcase> <!-- runFeature -->
  <testcase name="runFeature" time="44.961" classname="automationTesting.runner.AutomationTestRunner">
    <skipped/>
  </testcase> <!-- runFeature -->
  <testcase name="runFeature" time="11.122" classname="automationTesting.runner.AutomationTestRunner"/>
  <testcase name="runFeature" time="44.452" classname="automationTesting.runner.AutomationTestRunner">
    <skipped/>
  </testcase> <!-- runFeature -->
  <testcase name="runFeature" time="46.912" classname="automationTesting.runner.AutomationTestRunner">
    <skipped/>
  </testcase> <!-- runFeature -->
  <testcase name="runFeature" time="43.288" classname="automationTesting.runner.AutomationTestRunner">
    <skipped/>
  </testcase> <!-- runFeature -->
  <testcase name="runFeature" time="44.931" classname="automationTesting.runner.AutomationTestRunner">
    <skipped/>
  </testcase> <!-- runFeature -->
  <testcase name="runFeature" time="46.263" classname="automationTesting.runner.AutomationTestRunner">
    <skipped/>
  </testcase> <!-- runFeature -->
  <testcase name="runFeature" time="44.735" classname="automationTesting.runner.AutomationTestRunner">
    <skipped/>
  </testcase> <!-- runFeature -->
  <testcase name="runFeature" time="48.411" classname="automationTesting.runner.AutomationTestRunner">
    <skipped/>
  </testcase> <!-- runFeature -->
  <testcase name="runFeature" time="39.764" classname="automationTesting.runner.AutomationTestRunner">
    <skipped/>
  </testcase> <!-- runFeature -->
  <testcase name="runFeature" time="43.981" classname="automationTesting.runner.AutomationTestRunner">
    <skipped/>
  </testcase> <!-- runFeature -->
  <testcase name="runFeature" time="44.762" classname="automationTesting.runner.AutomationTestRunner">
    <skipped/>
  </testcase> <!-- runFeature -->
  <testcase name="runFeature" time="44.564" classname="automationTesting.runner.AutomationTestRunner">
    <skipped/>
  </testcase> <!-- runFeature -->
  <testcase name="runFeature" time="43.966" classname="automationTesting.runner.AutomationTestRunner">
    <skipped/>
  </testcase> <!-- runFeature -->
  <testcase name="runFeature" time="39.961" classname="automationTesting.runner.AutomationTestRunner">
    <skipped/>
  </testcase> <!-- runFeature -->
  <testcase name="runFeature" time="42.352" classname="automationTesting.runner.AutomationTestRunner">
    <skipped/>
  </testcase> <!-- runFeature -->
  <testcase name="runFeature" time="44.37" classname="automationTesting.runner.AutomationTestRunner">
    <skipped/>
  </testcase> <!-- runFeature -->
  <testcase name="runFeature" time="44.696" classname="automationTesting.runner.AutomationTestRunner">
    <skipped/>
  </testcase> <!-- runFeature -->
  <testcase name="runFeature" time="43.332" classname="automationTesting.runner.AutomationTestRunner">
    <skipped/>
  </testcase> <!-- runFeature -->
  <testcase name="runFeature" time="27.133" classname="automationTesting.runner.AutomationTestRunner"/>
  <testcase name="runFeature" time="16.903" classname="automationTesting.runner.AutomationTestRunner"/>
  <testcase name="runFeature" time="42.992" classname="automationTesting.runner.AutomationTestRunner">
    <skipped/>
  </testcase> <!-- runFeature -->
  <testcase name="runFeature" time="22.504" classname="automationTesting.runner.AutomationTestRunner"/>
  <testcase name="runFeature" time="13.293" classname="automationTesting.runner.AutomationTestRunner"/>
</testsuite> <!-- AutomationChrome -->
