<?xml version="1.0" encoding="UTF-8"?>
<testsuite xmlns:xsi="http://www.w3.org/2001/XMLSchema-instance" xsi:schemaLocation="https://maven.apache.org/surefire/maven-surefire-plugin/xsd/surefire-test-report.xsd" name="TestSuite" time="1,128.943" tests="231" errors="0" skipped="183" failures="1">
  <properties>
[...]
</properties>
  <testcase name="runFeature" classname="automationTesting.runner.AutomationTestRunner" time="0">
    <skipped/>
    <system-out><![CDATA[Envchrome
Envchrome
Envchrome
Envchrome
Envchrome
]]></system-out>
    <system-err><![CDATA[Starting ChromeDriver 108.0.5359.71 (1e0e3868ee06e91ad636a874420e3ca3ae3756ac-refs/branch-heads/5359@{#1016}) on port 29460
Only local connections are allowed.
Please see https://chromedriver.chromium.org/security-considerations for suggestions on keeping ChromeDriver safe.
ChromeDriver was started successfully.
Jan 04, 2023 10:22:14 AM org.openqa.selenium.remote.ProtocolHandshake createSession
INFO: Detected dialect: W3C
Starting ChromeDriver 108.0.5359.71 (1e0e3868ee06e91ad636a874420e3ca3ae3756ac-refs/branch-heads/5359@{#1016}) on port 20638
Only local connections are allowed.
Please see https://chromedriver.chromium.org/security-considerations for suggestions on keeping ChromeDriver safe.
ChromeDriver was started successfully.
Jan 04, 2023 10:22:16 AM org.openqa.selenium.remote.ProtocolHandshake createSession
INFO: Detected dialect: W3C
Starting ChromeDriver 108.0.5359.71 (1e0e3868ee06e91ad636a874420e3ca3ae3756ac-refs/branch-heads/5359@{#1016}) on port 20630
Only local connections are allowed.
Please see https://chromedriver.chromium.org/security-considerations for suggestions on keeping ChromeDriver safe.
ChromeDriver was started successfully.
Jan 04, 2023 10:22:18 AM org.openqa.selenium.remote.ProtocolHandshake createSession
INFO: Detected dialect: W3C
Starting ChromeDriver 108.0.5359.71 (1e0e3868ee06e91ad636a874420e3ca3ae3756ac-refs/branch-heads/5359@{#1016}) on port 23683
Only local connections are allowed.
Please see https://chromedriver.chromium.org/security-considerations for suggestions on keeping ChromeDriver safe.
ChromeDriver was started successfully.
Jan 04, 2023 10:22:20 AM org.openqa.selenium.remote.ProtocolHandshake createSession
INFO: Detected dialect: W3C
Starting ChromeDriver 108.0.5359.71 (1e0e3868ee06e91ad636a874420e3ca3ae3756ac-refs/branch-heads/5359@{#1016}) on port 23536
Only local connections are allowed.
Please see https://chromedriver.chromium.org/security-considerations for suggestions on keeping ChromeDriver safe.
ChromeDriver was started successfully.
Jan 04, 2023 10:22:23 AM org.openqa.selenium.remote.ProtocolHandshake createSession
INFO: Detected dialect: W3C
java.lang.NullPointerException
	at com.aventstack.extentreports.ExtentTest.log(ExtentTest.java:303)
	at com.aventstack.extentreports.ExtentTest.pass(ExtentTest.java:524)
	at utils.Reporter.reportStep(Reporter.java:125)
	at utils.Reporter.reportStep(Reporter.java:138)
	at wrappers.SeleniumWrapper.click(SeleniumWrapper.java:270)
	at automationTesting.pages.NHSQuestionPage.userClicksOnNextButton(NHSQuestionPage.java:26)
	at sun.reflect.GeneratedMethodAccessor3.invoke(Unknown Source)
	at sun.reflect.DelegatingMethodAccessorImpl.invoke(DelegatingMethodAccessorImpl.java:43)
	at java.lang.reflect.Method.invoke(Method.java:498)
	at cucumber.runtime.Utils$1.call(Utils.java:26)
	at cucumber.runtime.Timeout.timeout(Timeout.java:16)
	at cucumber.runtime.Utils.invoke(Utils.java:20)
	at cucumber.runtime.java.JavaStepDefinition.execute(JavaStepDefinition.java:48)
	at cucumber.runtime.PickleStepDefinitionMatch.runStep(PickleStepDefinitionMatch.java:50)
	at cucumber.runner.TestStep.executeStep(TestStep.java:55)
	at cucumber.runner.TestStep.run(TestStep.java:42)
	at cucumber.runner.PickleStepTestStep.run(PickleStepTestStep.java:53)
	at cucumber.runner.TestCase.run(TestCase.java:47)
	at cucumber.runner.Runner.runPickle(Runner.java:44)
	at cucumber.api.testng.TestNGCucumberRunner.runScenario(TestNGCucumberRunner.java:56)
	at automationTesting.runner.AutomationTestRunner.runFeature(AutomationTestRunner.java:31)
	at sun.reflect.NativeMethodAccessorImpl.invoke0(Native Method)
	at sun.reflect.NativeMethodAccessorImpl.invoke(NativeMethodAccessorImpl.java:62)
	at sun.reflect.DelegatingMethodAccessorImpl.invoke(DelegatingMethodAccessorImpl.java:43)
	at java.lang.reflect.Method.invoke(Method.java:498)
	at org.testng.internal.MethodInvocationHelper.invokeMethod(MethodInvocationHelper.java:108)
	at org.testng.internal.Invoker.invokeMethod(Invoker.java:661)
	at org.testng.internal.Invoker.invokeTestMethod(Invoker.java:869)
	at org.testng.internal.TestMethodWithDataProviderMethodWorker.call(TestMethodWithDataProviderMethodWorker.java:75)
	at org.testng.internal.TestMethodWithDataProviderMethodWorker.call(TestMethodWithDataProviderMethodWorker.java:14)
	at java.util.concurrent.FutureTask.run(FutureTask.java:266)
	at java.util.concurrent.Executors$RunnableAdapter.call(Executors.java:511)
	at java.util.concurrent.FutureTask.run(FutureTask.java:266)
	at java.util.concurrent.ThreadPoolExecutor.runWorker(ThreadPoolExecutor.java:1149)
	at java.util.concurrent.ThreadPoolExecutor$Worker.run(ThreadPoolExecutor.java:624)
	at java.lang.Thread.run(Thread.java:750)
]]></system-err>
  </testcase>
  <testcase name="runFeature" classname="automationTesting.runner.AutomationTestRunner" time="3.743"/>
  <testcase name="runFeature" classname="automationTesting.runner.AutomationTestRunner" time="0.967"/>
  <testcase name="runFeature" classname="automationTesting.runner.AutomationTestRunner" time="3.024"/>
  <testcase name="runFeature" classname="automationTesting.runner.AutomationTestRunner" time="5.294"/>
  <testcase name="runFeature" classname="automationTesting.runner.AutomationTestRunner" time="14.477"/>
  <testcase name="runFeature" classname="automationTesting.runner.AutomationTestRunner" time="5.064"/>
  <testcase name="runFeature" classname="automationTesting.runner.AutomationTestRunner" time="1.319"/>
  <testcase name="runFeature" classname="automationTesting.runner.AutomationTestRunner" time="10.157"/>
  <testcase name="runFeature" classname="automationTesting.runner.AutomationTestRunner" time="12.146"/>
  <testcase name="runFeature" classname="automationTesting.runner.AutomationTestRunner" time="2.479"/>
  <testcase name="runFeature" classname="automationTesting.runner.AutomationTestRunner" time="5.942"/>
  <testcase name="runFeature" classname="automationTesting.runner.AutomationTestRunner" time="6.097"/>
  <testcase name="runFeature" classname="automationTesting.runner.AutomationTestRunner" time="1.825"/>
  <testcase name="runFeature" classname="automationTesting.runner.AutomationTestRunner" time="1.866"/>
  <testcase name="runFeature" classname="automationTesting.runner.AutomationTestRunner" time="2.086"/>
  <testcase name="runFeature" classname="automationTesting.runner.AutomationTestRunner" time="8.658"/>
  <testcase name="runFeature" classname="automationTesting.runner.AutomationTestRunner" time="9.129"/>
  <testcase name="runFeature" classname="automationTesting.runner.AutomationTestRunner" time="16.664"/>
  <testcase name="runFeature" classname="automationTesting.runner.AutomationTestRunner" time="16.946"/>
  <testcase name="runFeature" classname="automationTesting.runner.AutomationTestRunner" time="17.198"/>
  <testcase name="runFeature" classname="automationTesting.runner.AutomationTestRunner" time="17.67"/>
  <testcase name="runFeature" classname="automationTesting.runner.AutomationTestRunner" time="18.237"/>
  <testcase name="runFeature" classname="automationTesting.runner.AutomationTestRunner" time="11.357"/>
  <testcase name="runFeature" classname="automationTesting.runner.AutomationTestRunner" time="0.228"/>
  <testcase name="runFeature" classname="automationTesting.runner.AutomationTestRunner" time="23.533"/>
  <testcase name="runFeature" classname="automationTesting.runner.AutomationTestRunner" time="6.649"/>
  <testcase name="runFeature" classname="automationTesting.runner.AutomationTestRunner" time="6.664"/>
  <testcase name="runFeature" classname="automationTesting.runner.AutomationTestRunner" time="6.917"/>
  <testcase name="runFeature" classname="automationTesting.runner.AutomationTestRunner" time="6.965"/>
  <testcase name="runFeature" classname="automationTesting.runner.AutomationTestRunner" time="8.705"/>
  <testcase name="runFeature" classname="automationTesting.runner.AutomationTestRunner" time="4.951"/>
  <testcase name="runFeature" classname="automationTesting.runner.AutomationTestRunner" time="5.42"/>
  <testcase name="runFeature" classname="automationTesting.runner.AutomationTestRunner" time="0.332"/>
  <testcase name="runFeature" classname="automationTesting.runner.AutomationTestRunner" time="9.442"/>
  <testcase name="runFeature" classname="automationTesting.runner.AutomationTestRunner" time="6.866"/>
  <testcase name="runFeature" classname="automationTesting.runner.AutomationTestRunner" time="7.571"/>
  <testcase name="runFeature" classname="automationTesting.runner.AutomationTestRunner" time="7.663"/>
  <testcase name="runFeature" classname="automationTesting.runner.AutomationTestRunner" time="7.727"/>
  <testcase name="runFeature" classname="automationTesting.runner.AutomationTestRunner" time="5.071"/>
  <testcase name="runFeature" classname="automationTesting.runner.AutomationTestRunner" time="5.445"/>
  <testcase name="runFeature" classname="automationTesting.runner.AutomationTestRunner" time="6.451"/>
  <testcase name="runFeature" classname="automationTesting.runner.AutomationTestRunner" time="0">
    <skipped/>
    <system-out><![CDATA[Envchrome
]]></system-out>
    <system-err><![CDATA[Starting ChromeDriver 108.0.5359.71 (1e0e3868ee06e91ad636a874420e3ca3ae3756ac-refs/branch-heads/5359@{#1016}) on port 13529
Only local connections are allowed.
Please see https://chromedriver.chromium.org/security-considerations for suggestions on keeping ChromeDriver safe.
ChromeDriver was started successfully.
Jan 04, 2023 10:27:43 AM org.openqa.selenium.remote.ProtocolHandshake createSession
INFO: Detected dialect: W3C
java.lang.RuntimeException
	at utils.Reporter.reportStep(Reporter.java:128)
	at utils.Reporter.reportStep(Reporter.java:138)
	at wrappers.SeleniumWrapper.locateElement(SeleniumWrapper.java:174)
	at wrappers.SeleniumWrapper.clickJavaScriptExecutor(SeleniumWrapper.java:348)
	at automationTesting.pages.NHSQuestionPage.userSelectsForWhichTypeOfTaxCreditDoYouOrYourPartnerGets(NHSQuestionPage.java:213)
	at sun.reflect.NativeMethodAccessorImpl.invoke0(Native Method)
	at sun.reflect.NativeMethodAccessorImpl.invoke(NativeMethodAccessorImpl.java:62)
	at sun.reflect.DelegatingMethodAccessorImpl.invoke(DelegatingMethodAccessorImpl.java:43)
	at java.lang.reflect.Method.invoke(Method.java:498)
	at cucumber.runtime.Utils$1.call(Utils.java:26)
	at cucumber.runtime.Timeout.timeout(Timeout.java:16)
	at cucumber.runtime.Utils.invoke(Utils.java:20)
	at cucumber.runtime.java.JavaStepDefinition.execute(JavaStepDefinition.java:48)
	at cucumber.runtime.PickleStepDefinitionMatch.runStep(PickleStepDefinitionMatch.java:50)
	at cucumber.runner.TestStep.executeStep(TestStep.java:55)
	at cucumber.runner.TestStep.run(TestStep.java:42)
	at cucumber.runner.PickleStepTestStep.run(PickleStepTestStep.java:53)
	at cucumber.runner.TestCase.run(TestCase.java:47)
	at cucumber.runner.Runner.runPickle(Runner.java:44)
	at cucumber.api.testng.TestNGCucumberRunner.runScenario(TestNGCucumberRunner.java:56)
	at automationTesting.runner.AutomationTestRunner.runFeature(AutomationTestRunner.java:31)
	at sun.reflect.GeneratedMethodAccessor7.invoke(Unknown Source)
	at sun.reflect.DelegatingMethodAccessorImpl.invoke(DelegatingMethodAccessorImpl.java:43)
	at java.lang.reflect.Method.invoke(Method.java:498)
	at org.testng.internal.MethodInvocationHelper.invokeMethod(MethodInvocationHelper.java:108)
	at org.testng.internal.Invoker.invokeMethod(Invoker.java:661)
	at org.testng.internal.Invoker.invokeTestMethod(Invoker.java:869)
	at org.testng.internal.TestMethodWithDataProviderMethodWorker.call(TestMethodWithDataProviderMethodWorker.java:75)
	at org.testng.internal.TestMethodWithDataProviderMethodWorker.call(TestMethodWithDataProviderMethodWorker.java:14)
	at java.util.concurrent.FutureTask.run(FutureTask.java:266)
	at java.util.concurrent.Executors$RunnableAdapter.call(Executors.java:511)
	at java.util.concurrent.FutureTask.run(FutureTask.java:266)
	at java.util.concurrent.ThreadPoolExecutor.runWorker(ThreadPoolExecutor.java:1149)
	at java.util.concurrent.ThreadPoolExecutor$Worker.run(ThreadPoolExecutor.java:624)
	at java.lang.Thread.run(Thread.java:750)
]]></system-err>
  </testcase>
  <testcase name="runFeature" classname="automationTesting.runner.AutomationTestRunner" time="0">
    <skipped/>
    <system-out><![CDATA[Envchrome
]]></system-out>
    <system-err><![CDATA[Starting ChromeDriver 108.0.5359.71 (1e0e3868ee06e91ad636a874420e3ca3ae3756ac-refs/branch-heads/5359@{#1016}) on port 23320
Only local connections are allowed.
Please see https://chromedriver.chromium.org/security-considerations for suggestions on keeping ChromeDriver safe.
ChromeDriver was started successfully.
java.lang.RuntimeException
	at utils.Reporter.reportStep(Reporter.java:128)
	at utils.Reporter.reportStep(Reporter.java:138)
	at wrappers.SeleniumWrapper.locateElement(SeleniumWrapper.java:174)
	at wrappers.SeleniumWrapper.clickJavaScriptExecutor(SeleniumWrapper.java:348)
	at automationTesting.pages.NHSQuestionPage.userSelectsForWhichTypeOfTaxCreditDoYouOrYourPartnerGets(NHSQuestionPage.java:217)
	at sun.reflect.NativeMethodAccessorImpl.invoke0(Native Method)
	at sun.reflect.NativeMethodAccessorImpl.invoke(NativeMethodAccessorImpl.java:62)
	at sun.reflect.DelegatingMethodAccessorImpl.invoke(DelegatingMethodAccessorImpl.java:43)
	at java.lang.reflect.Method.invoke(Method.java:498)
	at cucumber.runtime.Utils$1.call(Utils.java:26)
	at cucumber.runtime.Timeout.timeout(Timeout.java:16)
	at cucumber.runtime.Utils.invoke(Utils.java:20)
	at cucumber.runtime.java.JavaStepDefinition.execute(JavaStepDefinition.java:48)
	at cucumber.runtime.PickleStepDefinitionMatch.runStep(PickleStepDefinitionMatch.java:50)
	at cucumber.runner.TestStep.executeStep(TestStep.java:55)
	at cucumber.runner.TestStep.run(TestStep.java:42)
	at cucumber.runner.PickleStepTestStep.run(PickleStepTestStep.java:53)
	at cucumber.runner.TestCase.run(TestCase.java:47)
	at cucumber.runner.Runner.runPickle(Runner.java:44)
	at cucumber.api.testng.TestNGCucumberRunner.runScenario(TestNGCucumberRunner.java:56)
	at automationTesting.runner.AutomationTestRunner.runFeature(AutomationTestRunner.java:31)
	at sun.reflect.GeneratedMethodAccessor7.invoke(Unknown Source)
	at sun.reflect.DelegatingMethodAccessorImpl.invoke(DelegatingMethodAccessorImpl.java:43)
	at java.lang.reflect.Method.invoke(Method.java:498)
	at org.testng.internal.MethodInvocationHelper.invokeMethod(MethodInvocationHelper.java:108)
	at org.testng.internal.Invoker.invokeMethod(Invoker.java:661)
	at org.testng.internal.Invoker.invokeTestMethod(Invoker.java:869)
	at org.testng.internal.TestMethodWithDataProviderMethodWorker.call(TestMethodWithDataProviderMethodWorker.java:75)
	at org.testng.internal.TestMethodWithDataProviderMethodWorker.call(TestMethodWithDataProviderMethodWorker.java:14)
	at java.util.concurrent.FutureTask.run(FutureTask.java:266)
	at java.util.concurrent.Executors$RunnableAdapter.call(Executors.java:511)
	at java.util.concurrent.FutureTask.run(FutureTask.java:266)
	at java.util.concurrent.ThreadPoolExecutor.runWorker(ThreadPoolExecutor.java:1149)
	at java.util.concurrent.ThreadPoolExecutor$Worker.run(ThreadPoolExecutor.java:624)
	at java.lang.Thread.run(Thread.java:750)
Jan 04, 2023 10:28:11 AM org.openqa.selenium.remote.ProtocolHandshake createSession
INFO: Detected dialect: W3C
]]></system-err>
  </testcase>
  <testcase name="runFeature" classname="automationTesting.runner.AutomationTestRunner" time="0">
    <skipped/>
    <system-out><![CDATA[Envchrome
]]></system-out>
    <system-err><![CDATA[Starting ChromeDriver 108.0.5359.71 (1e0e3868ee06e91ad636a874420e3ca3ae3756ac-refs/branch-heads/5359@{#1016}) on port 11502
Only local connections are allowed.
Please see https://chromedriver.chromium.org/security-considerations for suggestions on keeping ChromeDriver safe.
ChromeDriver was started successfully.
Jan 04, 2023 10:28:13 AM org.openqa.selenium.remote.ProtocolHandshake createSession
INFO: Detected dialect: W3C
java.lang.RuntimeException
	at utils.Reporter.reportStep(Reporter.java:128)
	at utils.Reporter.reportStep(Reporter.java:138)
	at wrappers.SeleniumWrapper.locateElement(SeleniumWrapper.java:174)
	at wrappers.SeleniumWrapper.clickJavaScriptExecutor(SeleniumWrapper.java:348)
	at automationTesting.pages.NHSQuestionPage.userSelectsForWhichTypeOfTaxCreditDoYouOrYourPartnerGets(NHSQuestionPage.java:215)
	at sun.reflect.NativeMethodAccessorImpl.invoke0(Native Method)
	at sun.reflect.NativeMethodAccessorImpl.invoke(NativeMethodAccessorImpl.java:62)
	at sun.reflect.DelegatingMethodAccessorImpl.invoke(DelegatingMethodAccessorImpl.java:43)
	at java.lang.reflect.Method.invoke(Method.java:498)
	at cucumber.runtime.Utils$1.call(Utils.java:26)
	at cucumber.runtime.Timeout.timeout(Timeout.java:16)
	at cucumber.runtime.Utils.invoke(Utils.java:20)
	at cucumber.runtime.java.JavaStepDefinition.execute(JavaStepDefinition.java:48)
	at cucumber.runtime.PickleStepDefinitionMatch.runStep(PickleStepDefinitionMatch.java:50)
	at cucumber.runner.TestStep.executeStep(TestStep.java:55)
	at cucumber.runner.TestStep.run(TestStep.java:42)
	at cucumber.runner.PickleStepTestStep.run(PickleStepTestStep.java:53)
	at cucumber.runner.TestCase.run(TestCase.java:47)
	at cucumber.runner.Runner.runPickle(Runner.java:44)
	at cucumber.api.testng.TestNGCucumberRunner.runScenario(TestNGCucumberRunner.java:56)
	at automationTesting.runner.AutomationTestRunner.runFeature(AutomationTestRunner.java:31)
	at sun.reflect.GeneratedMethodAccessor7.invoke(Unknown Source)
	at sun.reflect.DelegatingMethodAccessorImpl.invoke(DelegatingMethodAccessorImpl.java:43)
	at java.lang.reflect.Method.invoke(Method.java:498)
	at org.testng.internal.MethodInvocationHelper.invokeMethod(MethodInvocationHelper.java:108)
	at org.testng.internal.Invoker.invokeMethod(Invoker.java:661)
	at org.testng.internal.Invoker.invokeTestMethod(Invoker.java:869)
	at org.testng.internal.TestMethodWithDataProviderMethodWorker.call(TestMethodWithDataProviderMethodWorker.java:75)
	at org.testng.internal.TestMethodWithDataProviderMethodWorker.call(TestMethodWithDataProviderMethodWorker.java:14)
	at java.util.concurrent.FutureTask.run(FutureTask.java:266)
	at java.util.concurrent.Executors$RunnableAdapter.call(Executors.java:511)
	at java.util.concurrent.FutureTask.run(FutureTask.java:266)
	at java.util.concurrent.ThreadPoolExecutor.runWorker(ThreadPoolExecutor.java:1149)
	at java.util.concurrent.ThreadPoolExecutor$Worker.run(ThreadPoolExecutor.java:624)
	at java.lang.Thread.run(Thread.java:750)
]]></system-err>
  </testcase>
  <testcase name="runFeature" classname="automationTesting.runner.AutomationTestRunner" time="0">
    <skipped/>
    <system-out><![CDATA[Envchrome
]]></system-out>
    <system-err><![CDATA[Starting ChromeDriver 108.0.5359.71 (1e0e3868ee06e91ad636a874420e3ca3ae3756ac-refs/branch-heads/5359@{#1016}) on port 31506
Only local connections are allowed.
Please see https://chromedriver.chromium.org/security-considerations for suggestions on keeping ChromeDriver safe.
ChromeDriver was started successfully.
Jan 04, 2023 10:28:20 AM org.openqa.selenium.remote.ProtocolHandshake createSession
INFO: Detected dialect: W3C
java.lang.RuntimeException
	at utils.Reporter.reportStep(Reporter.java:128)
	at utils.Reporter.reportStep(Reporter.java:138)
	at wrappers.SeleniumWrapper.locateElement(SeleniumWrapper.java:174)
	at wrappers.SeleniumWrapper.clickJavaScriptExecutor(SeleniumWrapper.java:348)
	at automationTesting.pages.NHSQuestionPage.userSelectsForWhichTypeOfTaxCreditDoYouOrYourPartnerGets(NHSQuestionPage.java:217)
	at sun.reflect.NativeMethodAccessorImpl.invoke0(Native Method)
	at sun.reflect.NativeMethodAccessorImpl.invoke(NativeMethodAccessorImpl.java:62)
	at sun.reflect.DelegatingMethodAccessorImpl.invoke(DelegatingMethodAccessorImpl.java:43)
	at java.lang.reflect.Method.invoke(Method.java:498)
	at cucumber.runtime.Utils$1.call(Utils.java:26)
	at cucumber.runtime.Timeout.timeout(Timeout.java:16)
	at cucumber.runtime.Utils.invoke(Utils.java:20)
	at cucumber.runtime.java.JavaStepDefinition.execute(JavaStepDefinition.java:48)
	at cucumber.runtime.PickleStepDefinitionMatch.runStep(PickleStepDefinitionMatch.java:50)
	at cucumber.runner.TestStep.executeStep(TestStep.java:55)
	at cucumber.runner.TestStep.run(TestStep.java:42)
	at cucumber.runner.PickleStepTestStep.run(PickleStepTestStep.java:53)
	at cucumber.runner.TestCase.run(TestCase.java:47)
	at cucumber.runner.Runner.runPickle(Runner.java:44)
	at cucumber.api.testng.TestNGCucumberRunner.runScenario(TestNGCucumberRunner.java:56)
	at automationTesting.runner.AutomationTestRunner.runFeature(AutomationTestRunner.java:31)
	at sun.reflect.GeneratedMethodAccessor7.invoke(Unknown Source)
	at sun.reflect.DelegatingMethodAccessorImpl.invoke(DelegatingMethodAccessorImpl.java:43)
	at java.lang.reflect.Method.invoke(Method.java:498)
	at org.testng.internal.MethodInvocationHelper.invokeMethod(MethodInvocationHelper.java:108)
	at org.testng.internal.Invoker.invokeMethod(Invoker.java:661)
	at org.testng.internal.Invoker.invokeTestMethod(Invoker.java:869)
	at org.testng.internal.TestMethodWithDataProviderMethodWorker.call(TestMethodWithDataProviderMethodWorker.java:75)
	at org.testng.internal.TestMethodWithDataProviderMethodWorker.call(TestMethodWithDataProviderMethodWorker.java:14)
	at java.util.concurrent.FutureTask.run(FutureTask.java:266)
	at java.util.concurrent.Executors$RunnableAdapter.call(Executors.java:511)
	at java.util.concurrent.FutureTask.run(FutureTask.java:266)
	at java.util.concurrent.ThreadPoolExecutor.runWorker(ThreadPoolExecutor.java:1149)
	at java.util.concurrent.ThreadPoolExecutor$Worker.run(ThreadPoolExecutor.java:624)
	at java.lang.Thread.run(Thread.java:750)
]]></system-err>
  </testcase>
  <testcase name="runFeature" classname="automationTesting.runner.AutomationTestRunner" time="0">
    <skipped/>
    <system-out><![CDATA[Envchrome
]]></system-out>
    <system-err><![CDATA[Starting ChromeDriver 108.0.5359.71 (1e0e3868ee06e91ad636a874420e3ca3ae3756ac-refs/branch-heads/5359@{#1016}) on port 32011
Only local connections are allowed.
Please see https://chromedriver.chromium.org/security-considerations for suggestions on keeping ChromeDriver safe.
ChromeDriver was started successfully.
Jan 04, 2023 10:28:25 AM org.openqa.selenium.remote.ProtocolHandshake createSession
INFO: Detected dialect: W3C
java.lang.RuntimeException
	at utils.Reporter.reportStep(Reporter.java:128)
	at utils.Reporter.reportStep(Reporter.java:138)
	at wrappers.SeleniumWrapper.locateElement(SeleniumWrapper.java:174)
	at wrappers.SeleniumWrapper.clickJavaScriptExecutor(SeleniumWrapper.java:348)
	at automationTesting.pages.NHSQuestionPage.userSelectsForWhichTypeOfTaxCreditDoYouOrYourPartnerGets(NHSQuestionPage.java:213)
	at sun.reflect.NativeMethodAccessorImpl.invoke0(Native Method)
	at sun.reflect.NativeMethodAccessorImpl.invoke(NativeMethodAccessorImpl.java:62)
	at sun.reflect.DelegatingMethodAccessorImpl.invoke(DelegatingMethodAccessorImpl.java:43)
	at java.lang.reflect.Method.invoke(Method.java:498)
	at cucumber.runtime.Utils$1.call(Utils.java:26)
	at cucumber.runtime.Timeout.timeout(Timeout.java:16)
	at cucumber.runtime.Utils.invoke(Utils.java:20)
	at cucumber.runtime.java.JavaStepDefinition.execute(JavaStepDefinition.java:48)
	at cucumber.runtime.PickleStepDefinitionMatch.runStep(PickleStepDefinitionMatch.java:50)
	at cucumber.runner.TestStep.executeStep(TestStep.java:55)
	at cucumber.runner.TestStep.run(TestStep.java:42)
	at cucumber.runner.PickleStepTestStep.run(PickleStepTestStep.java:53)
	at cucumber.runner.TestCase.run(TestCase.java:47)
	at cucumber.runner.Runner.runPickle(Runner.java:44)
	at cucumber.api.testng.TestNGCucumberRunner.runScenario(TestNGCucumberRunner.java:56)
	at automationTesting.runner.AutomationTestRunner.runFeature(AutomationTestRunner.java:31)
	at sun.reflect.GeneratedMethodAccessor7.invoke(Unknown Source)
	at sun.reflect.DelegatingMethodAccessorImpl.invoke(DelegatingMethodAccessorImpl.java:43)
	at java.lang.reflect.Method.invoke(Method.java:498)
	at org.testng.internal.MethodInvocationHelper.invokeMethod(MethodInvocationHelper.java:108)
	at org.testng.internal.Invoker.invokeMethod(Invoker.java:661)
	at org.testng.internal.Invoker.invokeTestMethod(Invoker.java:869)
	at org.testng.internal.TestMethodWithDataProviderMethodWorker.call(TestMethodWithDataProviderMethodWorker.java:75)
	at org.testng.internal.TestMethodWithDataProviderMethodWorker.call(TestMethodWithDataProviderMethodWorker.java:14)
	at java.util.concurrent.FutureTask.run(FutureTask.java:266)
	at java.util.concurrent.Executors$RunnableAdapter.call(Executors.java:511)
	at java.util.concurrent.FutureTask.run(FutureTask.java:266)
	at java.util.concurrent.ThreadPoolExecutor.runWorker(ThreadPoolExecutor.java:1149)
	at java.util.concurrent.ThreadPoolExecutor$Worker.run(ThreadPoolExecutor.java:624)
	at java.lang.Thread.run(Thread.java:750)
]]></system-err>
  </testcase>
  <testcase name="runFeature" classname="automationTesting.runner.AutomationTestRunner" time="0">
    <skipped/>
    <system-out><![CDATA[Envchrome
]]></system-out>
    <system-err><![CDATA[Starting ChromeDriver 108.0.5359.71 (1e0e3868ee06e91ad636a874420e3ca3ae3756ac-refs/branch-heads/5359@{#1016}) on port 36489
Only local connections are allowed.
Please see https://chromedriver.chromium.org/security-considerations for suggestions on keeping ChromeDriver safe.
ChromeDriver was started successfully.
Jan 04, 2023 10:28:41 AM org.openqa.selenium.remote.ProtocolHandshake createSession
INFO: Detected dialect: W3C
java.lang.RuntimeException
	at utils.Reporter.reportStep(Reporter.java:128)
	at utils.Reporter.reportStep(Reporter.java:138)
	at wrappers.SeleniumWrapper.locateElement(SeleniumWrapper.java:174)
	at wrappers.SeleniumWrapper.clickJavaScriptExecutor(SeleniumWrapper.java:348)
	at automationTesting.pages.NHSQuestionPage.userSelectsForWhichTypeOfTaxCreditDoYouOrYourPartnerGets(NHSQuestionPage.java:215)
	at sun.reflect.NativeMethodAccessorImpl.invoke0(Native Method)
	at sun.reflect.NativeMethodAccessorImpl.invoke(NativeMethodAccessorImpl.java:62)
	at sun.reflect.DelegatingMethodAccessorImpl.invoke(DelegatingMethodAccessorImpl.java:43)
	at java.lang.reflect.Method.invoke(Method.java:498)
	at cucumber.runtime.Utils$1.call(Utils.java:26)
	at cucumber.runtime.Timeout.timeout(Timeout.java:16)
	at cucumber.runtime.Utils.invoke(Utils.java:20)
	at cucumber.runtime.java.JavaStepDefinition.execute(JavaStepDefinition.java:48)
	at cucumber.runtime.PickleStepDefinitionMatch.runStep(PickleStepDefinitionMatch.java:50)
	at cucumber.runner.TestStep.executeStep(TestStep.java:55)
	at cucumber.runner.TestStep.run(TestStep.java:42)
	at cucumber.runner.PickleStepTestStep.run(PickleStepTestStep.java:53)
	at cucumber.runner.TestCase.run(TestCase.java:47)
	at cucumber.runner.Runner.runPickle(Runner.java:44)
	at cucumber.api.testng.TestNGCucumberRunner.runScenario(TestNGCucumberRunner.java:56)
	at automationTesting.runner.AutomationTestRunner.runFeature(AutomationTestRunner.java:31)
	at sun.reflect.GeneratedMethodAccessor7.invoke(Unknown Source)
	at sun.reflect.DelegatingMethodAccessorImpl.invoke(DelegatingMethodAccessorImpl.java:43)
	at java.lang.reflect.Method.invoke(Method.java:498)
	at org.testng.internal.MethodInvocationHelper.invokeMethod(MethodInvocationHelper.java:108)
	at org.testng.internal.Invoker.invokeMethod(Invoker.java:661)
	at org.testng.internal.Invoker.invokeTestMethod(Invoker.java:869)
	at org.testng.internal.TestMethodWithDataProviderMethodWorker.call(TestMethodWithDataProviderMethodWorker.java:75)
	at org.testng.internal.TestMethodWithDataProviderMethodWorker.call(TestMethodWithDataProviderMethodWorker.java:14)
	at java.util.concurrent.FutureTask.run(FutureTask.java:266)
	at java.util.concurrent.Executors$RunnableAdapter.call(Executors.java:511)
	at java.util.concurrent.FutureTask.run(FutureTask.java:266)
	at java.util.concurrent.ThreadPoolExecutor.runWorker(ThreadPoolExecutor.java:1149)
	at java.util.concurrent.ThreadPoolExecutor$Worker.run(ThreadPoolExecutor.java:624)
	at java.lang.Thread.run(Thread.java:750)
]]></system-err>
  </testcase>
  <testcase name="runFeature" classname="automationTesting.runner.AutomationTestRunner" time="0">
    <skipped/>
    <system-out><![CDATA[Envchrome
]]></system-out>
    <system-err><![CDATA[Starting ChromeDriver 108.0.5359.71 (1e0e3868ee06e91ad636a874420e3ca3ae3756ac-refs/branch-heads/5359@{#1016}) on port 44034
Only local connections are allowed.
Please see https://chromedriver.chromium.org/security-considerations for suggestions on keeping ChromeDriver safe.
ChromeDriver was started successfully.
Jan 04, 2023 10:28:58 AM org.openqa.selenium.remote.ProtocolHandshake createSession
INFO: Detected dialect: W3C
java.lang.RuntimeException
	at utils.Reporter.reportStep(Reporter.java:128)
	at utils.Reporter.reportStep(Reporter.java:138)
	at wrappers.SeleniumWrapper.locateElement(SeleniumWrapper.java:174)
	at wrappers.SeleniumWrapper.clickJavaScriptExecutor(SeleniumWrapper.java:348)
	at automationTesting.pages.NHSQuestionPage.userSelectsForWhichTypeOfTaxCreditDoYouOrYourPartnerGets(NHSQuestionPage.java:217)
	at sun.reflect.NativeMethodAccessorImpl.invoke0(Native Method)
	at sun.reflect.NativeMethodAccessorImpl.invoke(NativeMethodAccessorImpl.java:62)
	at sun.reflect.DelegatingMethodAccessorImpl.invoke(DelegatingMethodAccessorImpl.java:43)
	at java.lang.reflect.Method.invoke(Method.java:498)
	at cucumber.runtime.Utils$1.call(Utils.java:26)
	at cucumber.runtime.Timeout.timeout(Timeout.java:16)
	at cucumber.runtime.Utils.invoke(Utils.java:20)
	at cucumber.runtime.java.JavaStepDefinition.execute(JavaStepDefinition.java:48)
	at cucumber.runtime.PickleStepDefinitionMatch.runStep(PickleStepDefinitionMatch.java:50)
	at cucumber.runner.TestStep.executeStep(TestStep.java:55)
	at cucumber.runner.TestStep.run(TestStep.java:42)
	at cucumber.runner.PickleStepTestStep.run(PickleStepTestStep.java:53)
	at cucumber.runner.TestCase.run(TestCase.java:47)
	at cucumber.runner.Runner.runPickle(Runner.java:44)
	at cucumber.api.testng.TestNGCucumberRunner.runScenario(TestNGCucumberRunner.java:56)
	at automationTesting.runner.AutomationTestRunner.runFeature(AutomationTestRunner.java:31)
	at sun.reflect.GeneratedMethodAccessor7.invoke(Unknown Source)
	at sun.reflect.DelegatingMethodAccessorImpl.invoke(DelegatingMethodAccessorImpl.java:43)
	at java.lang.reflect.Method.invoke(Method.java:498)
	at org.testng.internal.MethodInvocationHelper.invokeMethod(MethodInvocationHelper.java:108)
	at org.testng.internal.Invoker.invokeMethod(Invoker.java:661)
	at org.testng.internal.Invoker.invokeTestMethod(Invoker.java:869)
	at org.testng.internal.TestMethodWithDataProviderMethodWorker.call(TestMethodWithDataProviderMethodWorker.java:75)
	at org.testng.internal.TestMethodWithDataProviderMethodWorker.call(TestMethodWithDataProviderMethodWorker.java:14)
	at java.util.concurrent.FutureTask.run(FutureTask.java:266)
	at java.util.concurrent.Executors$RunnableAdapter.call(Executors.java:511)
	at java.util.concurrent.FutureTask.run(FutureTask.java:266)
	at java.util.concurrent.ThreadPoolExecutor.runWorker(ThreadPoolExecutor.java:1149)
	at java.util.concurrent.ThreadPoolExecutor$Worker.run(ThreadPoolExecutor.java:624)
	at java.lang.Thread.run(Thread.java:750)
]]></system-err>
  </testcase>
  <testcase name="runFeature" classname="automationTesting.runner.AutomationTestRunner" time="0">
    <skipped/>
    <system-out><![CDATA[Envchrome
]]></system-out>
    <system-err><![CDATA[Starting ChromeDriver 108.0.5359.71 (1e0e3868ee06e91ad636a874420e3ca3ae3756ac-refs/branch-heads/5359@{#1016}) on port 11498
Only local connections are allowed.
Please see https://chromedriver.chromium.org/security-considerations for suggestions on keeping ChromeDriver safe.
ChromeDriver was started successfully.
Jan 04, 2023 10:29:03 AM org.openqa.selenium.remote.ProtocolHandshake createSession
INFO: Detected dialect: W3C
java.lang.RuntimeException
	at utils.Reporter.reportStep(Reporter.java:128)
	at utils.Reporter.reportStep(Reporter.java:138)
	at wrappers.SeleniumWrapper.locateElement(SeleniumWrapper.java:174)
	at wrappers.SeleniumWrapper.clickJavaScriptExecutor(SeleniumWrapper.java:348)
	at automationTesting.pages.NHSQuestionPage.userSelectsForWhichTypeOfTaxCreditDoYouOrYourPartnerGets(NHSQuestionPage.java:213)
	at sun.reflect.NativeMethodAccessorImpl.invoke0(Native Method)
	at sun.reflect.NativeMethodAccessorImpl.invoke(NativeMethodAccessorImpl.java:62)
	at sun.reflect.DelegatingMethodAccessorImpl.invoke(DelegatingMethodAccessorImpl.java:43)
	at java.lang.reflect.Method.invoke(Method.java:498)
	at cucumber.runtime.Utils$1.call(Utils.java:26)
	at cucumber.runtime.Timeout.timeout(Timeout.java:16)
	at cucumber.runtime.Utils.invoke(Utils.java:20)
	at cucumber.runtime.java.JavaStepDefinition.execute(JavaStepDefinition.java:48)
	at cucumber.runtime.PickleStepDefinitionMatch.runStep(PickleStepDefinitionMatch.java:50)
	at cucumber.runner.TestStep.executeStep(TestStep.java:55)
	at cucumber.runner.TestStep.run(TestStep.java:42)
	at cucumber.runner.PickleStepTestStep.run(PickleStepTestStep.java:53)
	at cucumber.runner.TestCase.run(TestCase.java:47)
	at cucumber.runner.Runner.runPickle(Runner.java:44)
	at cucumber.api.testng.TestNGCucumberRunner.runScenario(TestNGCucumberRunner.java:56)
	at automationTesting.runner.AutomationTestRunner.runFeature(AutomationTestRunner.java:31)
	at sun.reflect.GeneratedMethodAccessor7.invoke(Unknown Source)
	at sun.reflect.DelegatingMethodAccessorImpl.invoke(DelegatingMethodAccessorImpl.java:43)
	at java.lang.reflect.Method.invoke(Method.java:498)
	at org.testng.internal.MethodInvocationHelper.invokeMethod(MethodInvocationHelper.java:108)
	at org.testng.internal.Invoker.invokeMethod(Invoker.java:661)
	at org.testng.internal.Invoker.invokeTestMethod(Invoker.java:869)
	at org.testng.internal.TestMethodWithDataProviderMethodWorker.call(TestMethodWithDataProviderMethodWorker.java:75)
	at org.testng.internal.TestMethodWithDataProviderMethodWorker.call(TestMethodWithDataProviderMethodWorker.java:14)
	at java.util.concurrent.FutureTask.run(FutureTask.java:266)
	at java.util.concurrent.Executors$RunnableAdapter.call(Executors.java:511)
	at java.util.concurrent.FutureTask.run(FutureTask.java:266)
	at java.util.concurrent.ThreadPoolExecutor.runWorker(ThreadPoolExecutor.java:1149)
	at java.util.concurrent.ThreadPoolExecutor$Worker.run(ThreadPoolExecutor.java:624)
	at java.lang.Thread.run(Thread.java:750)
]]></system-err>
  </testcase>
  <testcase name="runFeature" classname="automationTesting.runner.AutomationTestRunner" time="0">
    <skipped/>
    <system-out><![CDATA[Envchrome
]]></system-out>
    <system-err><![CDATA[Starting ChromeDriver 108.0.5359.71 (1e0e3868ee06e91ad636a874420e3ca3ae3756ac-refs/branch-heads/5359@{#1016}) on port 6566
Only local connections are allowed.
Please see https://chromedriver.chromium.org/security-considerations for suggestions on keeping ChromeDriver safe.
ChromeDriver was started successfully.
Jan 04, 2023 10:29:06 AM org.openqa.selenium.remote.ProtocolHandshake createSession
INFO: Detected dialect: W3C
java.lang.RuntimeException
	at utils.Reporter.reportStep(Reporter.java:128)
	at utils.Reporter.reportStep(Reporter.java:138)
	at wrappers.SeleniumWrapper.locateElement(SeleniumWrapper.java:174)
	at wrappers.SeleniumWrapper.clickJavaScriptExecutor(SeleniumWrapper.java:348)
	at automationTesting.pages.NHSQuestionPage.userSelectsForWhichTypeOfTaxCreditDoYouOrYourPartnerGets(NHSQuestionPage.java:215)
	at sun.reflect.NativeMethodAccessorImpl.invoke0(Native Method)
	at sun.reflect.NativeMethodAccessorImpl.invoke(NativeMethodAccessorImpl.java:62)
	at sun.reflect.DelegatingMethodAccessorImpl.invoke(DelegatingMethodAccessorImpl.java:43)
	at java.lang.reflect.Method.invoke(Method.java:498)
	at cucumber.runtime.Utils$1.call(Utils.java:26)
	at cucumber.runtime.Timeout.timeout(Timeout.java:16)
	at cucumber.runtime.Utils.invoke(Utils.java:20)
	at cucumber.runtime.java.JavaStepDefinition.execute(JavaStepDefinition.java:48)
	at cucumber.runtime.PickleStepDefinitionMatch.runStep(PickleStepDefinitionMatch.java:50)
	at cucumber.runner.TestStep.executeStep(TestStep.java:55)
	at cucumber.runner.TestStep.run(TestStep.java:42)
	at cucumber.runner.PickleStepTestStep.run(PickleStepTestStep.java:53)
	at cucumber.runner.TestCase.run(TestCase.java:47)
	at cucumber.runner.Runner.runPickle(Runner.java:44)
	at cucumber.api.testng.TestNGCucumberRunner.runScenario(TestNGCucumberRunner.java:56)
	at automationTesting.runner.AutomationTestRunner.runFeature(AutomationTestRunner.java:31)
	at sun.reflect.GeneratedMethodAccessor7.invoke(Unknown Source)
	at sun.reflect.DelegatingMethodAccessorImpl.invoke(DelegatingMethodAccessorImpl.java:43)
	at java.lang.reflect.Method.invoke(Method.java:498)
	at org.testng.internal.MethodInvocationHelper.invokeMethod(MethodInvocationHelper.java:108)
	at org.testng.internal.Invoker.invokeMethod(Invoker.java:661)
	at org.testng.internal.Invoker.invokeTestMethod(Invoker.java:869)
	at org.testng.internal.TestMethodWithDataProviderMethodWorker.call(TestMethodWithDataProviderMethodWorker.java:75)
	at org.testng.internal.TestMethodWithDataProviderMethodWorker.call(TestMethodWithDataProviderMethodWorker.java:14)
	at java.util.concurrent.FutureTask.run(FutureTask.java:266)
	at java.util.concurrent.Executors$RunnableAdapter.call(Executors.java:511)
	at java.util.concurrent.FutureTask.run(FutureTask.java:266)
	at java.util.concurrent.ThreadPoolExecutor.runWorker(ThreadPoolExecutor.java:1149)
	at java.util.concurrent.ThreadPoolExecutor$Worker.run(ThreadPoolExecutor.java:624)
	at java.lang.Thread.run(Thread.java:750)
]]></system-err>
  </testcase>
  <testcase name="runFeature" classname="automationTesting.runner.AutomationTestRunner" time="0">
    <skipped/>
    <system-out><![CDATA[Envchrome
]]></system-out>
    <system-err><![CDATA[Starting ChromeDriver 108.0.5359.71 (1e0e3868ee06e91ad636a874420e3ca3ae3756ac-refs/branch-heads/5359@{#1016}) on port 44705
Only local connections are allowed.
Please see https://chromedriver.chromium.org/security-considerations for suggestions on keeping ChromeDriver safe.
ChromeDriver was started successfully.
Jan 04, 2023 10:29:13 AM org.openqa.selenium.remote.ProtocolHandshake createSession
INFO: Detected dialect: W3C
java.lang.RuntimeException
	at utils.Reporter.reportStep(Reporter.java:128)
	at utils.Reporter.reportStep(Reporter.java:138)
	at wrappers.SeleniumWrapper.locateElement(SeleniumWrapper.java:174)
	at wrappers.SeleniumWrapper.clickJavaScriptExecutor(SeleniumWrapper.java:348)
	at automationTesting.pages.NHSQuestionPage.userSelectsForWhichTypeOfTaxCreditDoYouOrYourPartnerGets(NHSQuestionPage.java:217)
	at sun.reflect.NativeMethodAccessorImpl.invoke0(Native Method)
	at sun.reflect.NativeMethodAccessorImpl.invoke(NativeMethodAccessorImpl.java:62)
	at sun.reflect.DelegatingMethodAccessorImpl.invoke(DelegatingMethodAccessorImpl.java:43)
	at java.lang.reflect.Method.invoke(Method.java:498)
	at cucumber.runtime.Utils$1.call(Utils.java:26)
	at cucumber.runtime.Timeout.timeout(Timeout.java:16)
	at cucumber.runtime.Utils.invoke(Utils.java:20)
	at cucumber.runtime.java.JavaStepDefinition.execute(JavaStepDefinition.java:48)
	at cucumber.runtime.PickleStepDefinitionMatch.runStep(PickleStepDefinitionMatch.java:50)
	at cucumber.runner.TestStep.executeStep(TestStep.java:55)
	at cucumber.runner.TestStep.run(TestStep.java:42)
	at cucumber.runner.PickleStepTestStep.run(PickleStepTestStep.java:53)
	at cucumber.runner.TestCase.run(TestCase.java:47)
	at cucumber.runner.Runner.runPickle(Runner.java:44)
	at cucumber.api.testng.TestNGCucumberRunner.runScenario(TestNGCucumberRunner.java:56)
	at automationTesting.runner.AutomationTestRunner.runFeature(AutomationTestRunner.java:31)
	at sun.reflect.GeneratedMethodAccessor7.invoke(Unknown Source)
	at sun.reflect.DelegatingMethodAccessorImpl.invoke(DelegatingMethodAccessorImpl.java:43)
	at java.lang.reflect.Method.invoke(Method.java:498)
	at org.testng.internal.MethodInvocationHelper.invokeMethod(MethodInvocationHelper.java:108)
	at org.testng.internal.Invoker.invokeMethod(Invoker.java:661)
	at org.testng.internal.Invoker.invokeTestMethod(Invoker.java:869)
	at org.testng.internal.TestMethodWithDataProviderMethodWorker.call(TestMethodWithDataProviderMethodWorker.java:75)
	at org.testng.internal.TestMethodWithDataProviderMethodWorker.call(TestMethodWithDataProviderMethodWorker.java:14)
	at java.util.concurrent.FutureTask.run(FutureTask.java:266)
	at java.util.concurrent.Executors$RunnableAdapter.call(Executors.java:511)
	at java.util.concurrent.FutureTask.run(FutureTask.java:266)
	at java.util.concurrent.ThreadPoolExecutor.runWorker(ThreadPoolExecutor.java:1149)
	at java.util.concurrent.ThreadPoolExecutor$Worker.run(ThreadPoolExecutor.java:624)
	at java.lang.Thread.run(Thread.java:750)
]]></system-err>
  </testcase>
  <testcase name="runFeature" classname="automationTesting.runner.AutomationTestRunner" time="10.29"/>
  <testcase name="runFeature" classname="automationTesting.runner.AutomationTestRunner" time="0">
    <skipped/>
    <system-out><![CDATA[Envchrome
]]></system-out>
    <system-err><![CDATA[Starting ChromeDriver 108.0.5359.71 (1e0e3868ee06e91ad636a874420e3ca3ae3756ac-refs/branch-heads/5359@{#1016}) on port 40803
Only local connections are allowed.
Please see https://chromedriver.chromium.org/security-considerations for suggestions on keeping ChromeDriver safe.
ChromeDriver was started successfully.
Jan 04, 2023 10:29:37 AM org.openqa.selenium.remote.ProtocolHandshake createSession
INFO: Detected dialect: W3C
java.lang.RuntimeException
	at utils.Reporter.reportStep(Reporter.java:128)
	at utils.Reporter.reportStep(Reporter.java:138)
	at wrappers.SeleniumWrapper.locateElement(SeleniumWrapper.java:174)
	at wrappers.SeleniumWrapper.clickJavaScriptExecutor(SeleniumWrapper.java:348)
	at automationTesting.pages.NHSQuestionPage.userSelectsForWhichTypeOfTaxCreditDoYouOrYourPartnerGets(NHSQuestionPage.java:213)
	at sun.reflect.NativeMethodAccessorImpl.invoke0(Native Method)
	at sun.reflect.NativeMethodAccessorImpl.invoke(NativeMethodAccessorImpl.java:62)
	at sun.reflect.DelegatingMethodAccessorImpl.invoke(DelegatingMethodAccessorImpl.java:43)
	at java.lang.reflect.Method.invoke(Method.java:498)
	at cucumber.runtime.Utils$1.call(Utils.java:26)
	at cucumber.runtime.Timeout.timeout(Timeout.java:16)
	at cucumber.runtime.Utils.invoke(Utils.java:20)
	at cucumber.runtime.java.JavaStepDefinition.execute(JavaStepDefinition.java:48)
	at cucumber.runtime.PickleStepDefinitionMatch.runStep(PickleStepDefinitionMatch.java:50)
	at cucumber.runner.TestStep.executeStep(TestStep.java:55)
	at cucumber.runner.TestStep.run(TestStep.java:42)
	at cucumber.runner.PickleStepTestStep.run(PickleStepTestStep.java:53)
	at cucumber.runner.TestCase.run(TestCase.java:47)
	at cucumber.runner.Runner.runPickle(Runner.java:44)
	at cucumber.api.testng.TestNGCucumberRunner.runScenario(TestNGCucumberRunner.java:56)
	at automationTesting.runner.AutomationTestRunner.runFeature(AutomationTestRunner.java:31)
	at sun.reflect.GeneratedMethodAccessor7.invoke(Unknown Source)
	at sun.reflect.DelegatingMethodAccessorImpl.invoke(DelegatingMethodAccessorImpl.java:43)
	at java.lang.reflect.Method.invoke(Method.java:498)
	at org.testng.internal.MethodInvocationHelper.invokeMethod(MethodInvocationHelper.java:108)
	at org.testng.internal.Invoker.invokeMethod(Invoker.java:661)
	at org.testng.internal.Invoker.invokeTestMethod(Invoker.java:869)
	at org.testng.internal.TestMethodWithDataProviderMethodWorker.call(TestMethodWithDataProviderMethodWorker.java:75)
	at org.testng.internal.TestMethodWithDataProviderMethodWorker.call(TestMethodWithDataProviderMethodWorker.java:14)
	at java.util.concurrent.FutureTask.run(FutureTask.java:266)
	at java.util.concurrent.Executors$RunnableAdapter.call(Executors.java:511)
	at java.util.concurrent.FutureTask.run(FutureTask.java:266)
	at java.util.concurrent.ThreadPoolExecutor.runWorker(ThreadPoolExecutor.java:1149)
	at java.util.concurrent.ThreadPoolExecutor$Worker.run(ThreadPoolExecutor.java:624)
	at java.lang.Thread.run(Thread.java:750)
]]></system-err>
  </testcase>
  <testcase name="runFeature" classname="automationTesting.runner.AutomationTestRunner" time="0">
    <skipped/>
    <system-out><![CDATA[Envchrome
]]></system-out>
    <system-err><![CDATA[Starting ChromeDriver 108.0.5359.71 (1e0e3868ee06e91ad636a874420e3ca3ae3756ac-refs/branch-heads/5359@{#1016}) on port 41138
Only local connections are allowed.
Please see https://chromedriver.chromium.org/security-considerations for suggestions on keeping ChromeDriver safe.
ChromeDriver was started successfully.
Jan 04, 2023 10:29:42 AM org.openqa.selenium.remote.ProtocolHandshake createSession
INFO: Detected dialect: W3C
java.lang.RuntimeException
	at utils.Reporter.reportStep(Reporter.java:128)
	at utils.Reporter.reportStep(Reporter.java:138)
	at wrappers.SeleniumWrapper.locateElement(SeleniumWrapper.java:174)
	at wrappers.SeleniumWrapper.clickJavaScriptExecutor(SeleniumWrapper.java:348)
	at automationTesting.pages.NHSQuestionPage.userSelectsForWhichTypeOfTaxCreditDoYouOrYourPartnerGets(NHSQuestionPage.java:215)
	at sun.reflect.NativeMethodAccessorImpl.invoke0(Native Method)
	at sun.reflect.NativeMethodAccessorImpl.invoke(NativeMethodAccessorImpl.java:62)
	at sun.reflect.DelegatingMethodAccessorImpl.invoke(DelegatingMethodAccessorImpl.java:43)
	at java.lang.reflect.Method.invoke(Method.java:498)
	at cucumber.runtime.Utils$1.call(Utils.java:26)
	at cucumber.runtime.Timeout.timeout(Timeout.java:16)
	at cucumber.runtime.Utils.invoke(Utils.java:20)
	at cucumber.runtime.java.JavaStepDefinition.execute(JavaStepDefinition.java:48)
	at cucumber.runtime.PickleStepDefinitionMatch.runStep(PickleStepDefinitionMatch.java:50)
	at cucumber.runner.TestStep.executeStep(TestStep.java:55)
	at cucumber.runner.TestStep.run(TestStep.java:42)
	at cucumber.runner.PickleStepTestStep.run(PickleStepTestStep.java:53)
	at cucumber.runner.TestCase.run(TestCase.java:47)
	at cucumber.runner.Runner.runPickle(Runner.java:44)
	at cucumber.api.testng.TestNGCucumberRunner.runScenario(TestNGCucumberRunner.java:56)
	at automationTesting.runner.AutomationTestRunner.runFeature(AutomationTestRunner.java:31)
	at sun.reflect.GeneratedMethodAccessor7.invoke(Unknown Source)
	at sun.reflect.DelegatingMethodAccessorImpl.invoke(DelegatingMethodAccessorImpl.java:43)
	at java.lang.reflect.Method.invoke(Method.java:498)
	at org.testng.internal.MethodInvocationHelper.invokeMethod(MethodInvocationHelper.java:108)
	at org.testng.internal.Invoker.invokeMethod(Invoker.java:661)
	at org.testng.internal.Invoker.invokeTestMethod(Invoker.java:869)
	at org.testng.internal.TestMethodWithDataProviderMethodWorker.call(TestMethodWithDataProviderMethodWorker.java:75)
	at org.testng.internal.TestMethodWithDataProviderMethodWorker.call(TestMethodWithDataProviderMethodWorker.java:14)
	at java.util.concurrent.FutureTask.run(FutureTask.java:266)
	at java.util.concurrent.Executors$RunnableAdapter.call(Executors.java:511)
	at java.util.concurrent.FutureTask.run(FutureTask.java:266)
	at java.util.concurrent.ThreadPoolExecutor.runWorker(ThreadPoolExecutor.java:1149)
	at java.util.concurrent.ThreadPoolExecutor$Worker.run(ThreadPoolExecutor.java:624)
	at java.lang.Thread.run(Thread.java:750)
]]></system-err>
  </testcase>
  <testcase name="runFeature" classname="automationTesting.runner.AutomationTestRunner" time="5.285"/>
  <testcase name="runFeature" classname="automationTesting.runner.AutomationTestRunner" time="0">
    <skipped/>
    <system-out><![CDATA[Envchrome
]]></system-out>
    <system-err><![CDATA[Starting ChromeDriver 108.0.5359.71 (1e0e3868ee06e91ad636a874420e3ca3ae3756ac-refs/branch-heads/5359@{#1016}) on port 24049
Only local connections are allowed.
Please see https://chromedriver.chromium.org/security-considerations for suggestions on keeping ChromeDriver safe.
ChromeDriver was started successfully.
Jan 04, 2023 10:29:50 AM org.openqa.selenium.remote.ProtocolHandshake createSession
INFO: Detected dialect: W3C
java.lang.RuntimeException
	at utils.Reporter.reportStep(Reporter.java:128)
	at utils.Reporter.reportStep(Reporter.java:138)
	at wrappers.SeleniumWrapper.locateElement(SeleniumWrapper.java:174)
	at wrappers.SeleniumWrapper.clickJavaScriptExecutor(SeleniumWrapper.java:348)
	at automationTesting.pages.NHSQuestionPage.userSelectsForWhichTypeOfTaxCreditDoYouOrYourPartnerGets(NHSQuestionPage.java:211)
	at sun.reflect.NativeMethodAccessorImpl.invoke0(Native Method)
	at sun.reflect.NativeMethodAccessorImpl.invoke(NativeMethodAccessorImpl.java:62)
	at sun.reflect.DelegatingMethodAccessorImpl.invoke(DelegatingMethodAccessorImpl.java:43)
	at java.lang.reflect.Method.invoke(Method.java:498)
	at cucumber.runtime.Utils$1.call(Utils.java:26)
	at cucumber.runtime.Timeout.timeout(Timeout.java:16)
	at cucumber.runtime.Utils.invoke(Utils.java:20)
	at cucumber.runtime.java.JavaStepDefinition.execute(JavaStepDefinition.java:48)
	at cucumber.runtime.PickleStepDefinitionMatch.runStep(PickleStepDefinitionMatch.java:50)
	at cucumber.runner.TestStep.executeStep(TestStep.java:55)
	at cucumber.runner.TestStep.run(TestStep.java:42)
	at cucumber.runner.PickleStepTestStep.run(PickleStepTestStep.java:53)
	at cucumber.runner.TestCase.run(TestCase.java:47)
	at cucumber.runner.Runner.runPickle(Runner.java:44)
	at cucumber.api.testng.TestNGCucumberRunner.runScenario(TestNGCucumberRunner.java:56)
	at automationTesting.runner.AutomationTestRunner.runFeature(AutomationTestRunner.java:31)
	at sun.reflect.GeneratedMethodAccessor7.invoke(Unknown Source)
	at sun.reflect.DelegatingMethodAccessorImpl.invoke(DelegatingMethodAccessorImpl.java:43)
	at java.lang.reflect.Method.invoke(Method.java:498)
	at org.testng.internal.MethodInvocationHelper.invokeMethod(MethodInvocationHelper.java:108)
	at org.testng.internal.Invoker.invokeMethod(Invoker.java:661)
	at org.testng.internal.Invoker.invokeTestMethod(Invoker.java:869)
	at org.testng.internal.TestMethodWithDataProviderMethodWorker.call(TestMethodWithDataProviderMethodWorker.java:75)
	at org.testng.internal.TestMethodWithDataProviderMethodWorker.call(TestMethodWithDataProviderMethodWorker.java:14)
	at java.util.concurrent.FutureTask.run(FutureTask.java:266)
	at java.util.concurrent.Executors$RunnableAdapter.call(Executors.java:511)
	at java.util.concurrent.FutureTask.run(FutureTask.java:266)
	at java.util.concurrent.ThreadPoolExecutor.runWorker(ThreadPoolExecutor.java:1149)
	at java.util.concurrent.ThreadPoolExecutor$Worker.run(ThreadPoolExecutor.java:624)
	at java.lang.Thread.run(Thread.java:750)
Starting ChromeDriver 108.0.5359.71 (1e0e3868ee06e91ad636a874420e3ca3ae3756ac-refs/branch-heads/5359@{#1016}) on port 12803
Only local connections are allowed.
Please see https://chromedriver.chromium.org/security-considerations for suggestions on keeping ChromeDriver safe.
ChromeDriver was started successfully.
]]></system-err>
  </testcase>
  <testcase name="runFeature" classname="automationTesting.runner.AutomationTestRunner" time="0">
    <skipped/>
    <system-out><![CDATA[Envchrome
]]></system-out>
    <system-err><![CDATA[Jan 04, 2023 10:29:52 AM org.openqa.selenium.remote.ProtocolHandshake createSession
INFO: Detected dialect: W3C
Starting ChromeDriver 108.0.5359.71 (1e0e3868ee06e91ad636a874420e3ca3ae3756ac-refs/branch-heads/5359@{#1016}) on port 8958
Only local connections are allowed.
Please see https://chromedriver.chromium.org/security-considerations for suggestions on keeping ChromeDriver safe.
ChromeDriver was started successfully.
Jan 04, 2023 10:29:55 AM org.openqa.selenium.remote.ProtocolHandshake createSession
INFO: Detected dialect: W3C
java.lang.RuntimeException
	at utils.Reporter.reportStep(Reporter.java:128)
	at utils.Reporter.reportStep(Reporter.java:138)
	at wrappers.SeleniumWrapper.locateElement(SeleniumWrapper.java:174)
	at wrappers.SeleniumWrapper.clickJavaScriptExecutor(SeleniumWrapper.java:348)
	at automationTesting.pages.NHSQuestionPage.userSelectsForWhichTypeOfTaxCreditDoYouOrYourPartnerGets(NHSQuestionPage.java:211)
	at sun.reflect.NativeMethodAccessorImpl.invoke0(Native Method)
	at sun.reflect.NativeMethodAccessorImpl.invoke(NativeMethodAccessorImpl.java:62)
	at sun.reflect.DelegatingMethodAccessorImpl.invoke(DelegatingMethodAccessorImpl.java:43)
	at java.lang.reflect.Method.invoke(Method.java:498)
	at cucumber.runtime.Utils$1.call(Utils.java:26)
	at cucumber.runtime.Timeout.timeout(Timeout.java:16)
	at cucumber.runtime.Utils.invoke(Utils.java:20)
	at cucumber.runtime.java.JavaStepDefinition.execute(JavaStepDefinition.java:48)
	at cucumber.runtime.PickleStepDefinitionMatch.runStep(PickleStepDefinitionMatch.java:50)
	at cucumber.runner.TestStep.executeStep(TestStep.java:55)
	at cucumber.runner.TestStep.run(TestStep.java:42)
	at cucumber.runner.PickleStepTestStep.run(PickleStepTestStep.java:53)
	at cucumber.runner.TestCase.run(TestCase.java:47)
	at cucumber.runner.Runner.runPickle(Runner.java:44)
	at cucumber.api.testng.TestNGCucumberRunner.runScenario(TestNGCucumberRunner.java:56)
	at automationTesting.runner.AutomationTestRunner.runFeature(AutomationTestRunner.java:31)
	at sun.reflect.GeneratedMethodAccessor7.invoke(Unknown Source)
	at sun.reflect.DelegatingMethodAccessorImpl.invoke(DelegatingMethodAccessorImpl.java:43)
	at java.lang.reflect.Method.invoke(Method.java:498)
	at org.testng.internal.MethodInvocationHelper.invokeMethod(MethodInvocationHelper.java:108)
	at org.testng.internal.Invoker.invokeMethod(Invoker.java:661)
	at org.testng.internal.Invoker.invokeTestMethod(Invoker.java:869)
	at org.testng.internal.TestMethodWithDataProviderMethodWorker.call(TestMethodWithDataProviderMethodWorker.java:75)
	at org.testng.internal.TestMethodWithDataProviderMethodWorker.call(TestMethodWithDataProviderMethodWorker.java:14)
	at java.util.concurrent.FutureTask.run(FutureTask.java:266)
	at java.util.concurrent.Executors$RunnableAdapter.call(Executors.java:511)
	at java.util.concurrent.FutureTask.run(FutureTask.java:266)
	at java.util.concurrent.ThreadPoolExecutor.runWorker(ThreadPoolExecutor.java:1149)
	at java.util.concurrent.ThreadPoolExecutor$Worker.run(ThreadPoolExecutor.java:624)
	at java.lang.Thread.run(Thread.java:750)
]]></system-err>
  </testcase>
  <testcase name="runFeature" classname="automationTesting.runner.AutomationTestRunner" time="0">
    <skipped/>
    <system-out><![CDATA[Envchrome
]]></system-out>
    <system-err><![CDATA[Starting ChromeDriver 108.0.5359.71 (1e0e3868ee06e91ad636a874420e3ca3ae3756ac-refs/branch-heads/5359@{#1016}) on port 30558
Only local connections are allowed.
Please see https://chromedriver.chromium.org/security-considerations for suggestions on keeping ChromeDriver safe.
ChromeDriver was started successfully.
Jan 04, 2023 10:30:02 AM org.openqa.selenium.remote.ProtocolHandshake createSession
INFO: Detected dialect: W3C
java.lang.RuntimeException
	at utils.Reporter.reportStep(Reporter.java:128)
	at utils.Reporter.reportStep(Reporter.java:138)
	at wrappers.SeleniumWrapper.locateElement(SeleniumWrapper.java:174)
	at wrappers.SeleniumWrapper.clickJavaScriptExecutor(SeleniumWrapper.java:348)
	at automationTesting.pages.NHSQuestionPage.userSelectsForWhichTypeOfEmploymentAndSupportAllowanceESADoYouOrYourPartnerGet(NHSQuestionPage.java:252)
	at sun.reflect.NativeMethodAccessorImpl.invoke0(Native Method)
	at sun.reflect.NativeMethodAccessorImpl.invoke(NativeMethodAccessorImpl.java:62)
	at sun.reflect.DelegatingMethodAccessorImpl.invoke(DelegatingMethodAccessorImpl.java:43)
	at java.lang.reflect.Method.invoke(Method.java:498)
	at cucumber.runtime.Utils$1.call(Utils.java:26)
	at cucumber.runtime.Timeout.timeout(Timeout.java:16)
	at cucumber.runtime.Utils.invoke(Utils.java:20)
	at cucumber.runtime.java.JavaStepDefinition.execute(JavaStepDefinition.java:48)
	at cucumber.runtime.PickleStepDefinitionMatch.runStep(PickleStepDefinitionMatch.java:50)
	at cucumber.runner.TestStep.executeStep(TestStep.java:55)
	at cucumber.runner.TestStep.run(TestStep.java:42)
	at cucumber.runner.PickleStepTestStep.run(PickleStepTestStep.java:53)
	at cucumber.runner.TestCase.run(TestCase.java:47)
	at cucumber.runner.Runner.runPickle(Runner.java:44)
	at cucumber.api.testng.TestNGCucumberRunner.runScenario(TestNGCucumberRunner.java:56)
	at automationTesting.runner.AutomationTestRunner.runFeature(AutomationTestRunner.java:31)
	at sun.reflect.GeneratedMethodAccessor7.invoke(Unknown Source)
	at sun.reflect.DelegatingMethodAccessorImpl.invoke(DelegatingMethodAccessorImpl.java:43)
	at java.lang.reflect.Method.invoke(Method.java:498)
	at org.testng.internal.MethodInvocationHelper.invokeMethod(MethodInvocationHelper.java:108)
	at org.testng.internal.Invoker.invokeMethod(Invoker.java:661)
	at org.testng.internal.Invoker.invokeTestMethod(Invoker.java:869)
	at org.testng.internal.TestMethodWithDataProviderMethodWorker.call(TestMethodWithDataProviderMethodWorker.java:75)
	at org.testng.internal.TestMethodWithDataProviderMethodWorker.call(TestMethodWithDataProviderMethodWorker.java:14)
	at java.util.concurrent.FutureTask.run(FutureTask.java:266)
	at java.util.concurrent.Executors$RunnableAdapter.call(Executors.java:511)
	at java.util.concurrent.FutureTask.run(FutureTask.java:266)
	at java.util.concurrent.ThreadPoolExecutor.runWorker(ThreadPoolExecutor.java:1149)
	at java.util.concurrent.ThreadPoolExecutor$Worker.run(ThreadPoolExecutor.java:624)
	at java.lang.Thread.run(Thread.java:750)
]]></system-err>
  </testcase>
  <testcase name="runFeature" classname="automationTesting.runner.AutomationTestRunner" time="0">
    <skipped/>
    <system-out><![CDATA[Envchrome
]]></system-out>
    <system-err><![CDATA[Starting ChromeDriver 108.0.5359.71 (1e0e3868ee06e91ad636a874420e3ca3ae3756ac-refs/branch-heads/5359@{#1016}) on port 45085
Only local connections are allowed.
Please see https://chromedriver.chromium.org/security-considerations for suggestions on keeping ChromeDriver safe.
ChromeDriver was started successfully.
Jan 04, 2023 10:30:28 AM org.openqa.selenium.remote.ProtocolHandshake createSession
INFO: Detected dialect: W3C
java.lang.RuntimeException
	at utils.Reporter.reportStep(Reporter.java:128)
	at utils.Reporter.reportStep(Reporter.java:138)
	at wrappers.SeleniumWrapper.locateElement(SeleniumWrapper.java:174)
	at wrappers.SeleniumWrapper.clickJavaScriptExecutor(SeleniumWrapper.java:348)
	at automationTesting.pages.NHSQuestionPage.userSelectsForWhichTypeOfEmploymentAndSupportAllowanceESADoYouOrYourPartnerGet(NHSQuestionPage.java:252)
	at sun.reflect.NativeMethodAccessorImpl.invoke0(Native Method)
	at sun.reflect.NativeMethodAccessorImpl.invoke(NativeMethodAccessorImpl.java:62)
	at sun.reflect.DelegatingMethodAccessorImpl.invoke(DelegatingMethodAccessorImpl.java:43)
	at java.lang.reflect.Method.invoke(Method.java:498)
	at cucumber.runtime.Utils$1.call(Utils.java:26)
	at cucumber.runtime.Timeout.timeout(Timeout.java:16)
	at cucumber.runtime.Utils.invoke(Utils.java:20)
	at cucumber.runtime.java.JavaStepDefinition.execute(JavaStepDefinition.java:48)
	at cucumber.runtime.PickleStepDefinitionMatch.runStep(PickleStepDefinitionMatch.java:50)
	at cucumber.runner.TestStep.executeStep(TestStep.java:55)
	at cucumber.runner.TestStep.run(TestStep.java:42)
	at cucumber.runner.PickleStepTestStep.run(PickleStepTestStep.java:53)
	at cucumber.runner.TestCase.run(TestCase.java:47)
	at cucumber.runner.Runner.runPickle(Runner.java:44)
	at cucumber.api.testng.TestNGCucumberRunner.runScenario(TestNGCucumberRunner.java:56)
	at automationTesting.runner.AutomationTestRunner.runFeature(AutomationTestRunner.java:31)
	at sun.reflect.GeneratedMethodAccessor7.invoke(Unknown Source)
	at sun.reflect.DelegatingMethodAccessorImpl.invoke(DelegatingMethodAccessorImpl.java:43)
	at java.lang.reflect.Method.invoke(Method.java:498)
	at org.testng.internal.MethodInvocationHelper.invokeMethod(MethodInvocationHelper.java:108)
	at org.testng.internal.Invoker.invokeMethod(Invoker.java:661)
	at org.testng.internal.Invoker.invokeTestMethod(Invoker.java:869)
	at org.testng.internal.TestMethodWithDataProviderMethodWorker.call(TestMethodWithDataProviderMethodWorker.java:75)
	at org.testng.internal.TestMethodWithDataProviderMethodWorker.call(TestMethodWithDataProviderMethodWorker.java:14)
	at java.util.concurrent.FutureTask.run(FutureTask.java:266)
	at java.util.concurrent.Executors$RunnableAdapter.call(Executors.java:511)
	at java.util.concurrent.FutureTask.run(FutureTask.java:266)
	at java.util.concurrent.ThreadPoolExecutor.runWorker(ThreadPoolExecutor.java:1149)
	at java.util.concurrent.ThreadPoolExecutor$Worker.run(ThreadPoolExecutor.java:624)
	at java.lang.Thread.run(Thread.java:750)
]]></system-err>
  </testcase>
  <testcase name="runFeature" classname="automationTesting.runner.AutomationTestRunner" time="0">
    <skipped/>
    <system-out><![CDATA[Envchrome
]]></system-out>
    <system-err><![CDATA[Starting ChromeDriver 108.0.5359.71 (1e0e3868ee06e91ad636a874420e3ca3ae3756ac-refs/branch-heads/5359@{#1016}) on port 4524
Only local connections are allowed.
Please see https://chromedriver.chromium.org/security-considerations for suggestions on keeping ChromeDriver safe.
ChromeDriver was started successfully.
Jan 04, 2023 10:30:37 AM org.openqa.selenium.remote.ProtocolHandshake createSession
INFO: Detected dialect: W3C
java.lang.RuntimeException
	at utils.Reporter.reportStep(Reporter.java:128)
	at utils.Reporter.reportStep(Reporter.java:138)
	at wrappers.SeleniumWrapper.locateElement(SeleniumWrapper.java:174)
	at wrappers.SeleniumWrapper.clickJavaScriptExecutor(SeleniumWrapper.java:348)
	at automationTesting.pages.NHSQuestionPage.userSelectsForWhichTypeOfEmploymentAndSupportAllowanceESADoYouOrYourPartnerGet(NHSQuestionPage.java:254)
	at sun.reflect.NativeMethodAccessorImpl.invoke0(Native Method)
	at sun.reflect.NativeMethodAccessorImpl.invoke(NativeMethodAccessorImpl.java:62)
	at sun.reflect.DelegatingMethodAccessorImpl.invoke(DelegatingMethodAccessorImpl.java:43)
	at java.lang.reflect.Method.invoke(Method.java:498)
	at cucumber.runtime.Utils$1.call(Utils.java:26)
	at cucumber.runtime.Timeout.timeout(Timeout.java:16)
	at cucumber.runtime.Utils.invoke(Utils.java:20)
	at cucumber.runtime.java.JavaStepDefinition.execute(JavaStepDefinition.java:48)
	at cucumber.runtime.PickleStepDefinitionMatch.runStep(PickleStepDefinitionMatch.java:50)
	at cucumber.runner.TestStep.executeStep(TestStep.java:55)
	at cucumber.runner.TestStep.run(TestStep.java:42)
	at cucumber.runner.PickleStepTestStep.run(PickleStepTestStep.java:53)
	at cucumber.runner.TestCase.run(TestCase.java:47)
	at cucumber.runner.Runner.runPickle(Runner.java:44)
	at cucumber.api.testng.TestNGCucumberRunner.runScenario(TestNGCucumberRunner.java:56)
	at automationTesting.runner.AutomationTestRunner.runFeature(AutomationTestRunner.java:31)
	at sun.reflect.GeneratedMethodAccessor7.invoke(Unknown Source)
	at sun.reflect.DelegatingMethodAccessorImpl.invoke(DelegatingMethodAccessorImpl.java:43)
	at java.lang.reflect.Method.invoke(Method.java:498)
	at org.testng.internal.MethodInvocationHelper.invokeMethod(MethodInvocationHelper.java:108)
	at org.testng.internal.Invoker.invokeMethod(Invoker.java:661)
	at org.testng.internal.Invoker.invokeTestMethod(Invoker.java:869)
	at org.testng.internal.TestMethodWithDataProviderMethodWorker.call(TestMethodWithDataProviderMethodWorker.java:75)
	at org.testng.internal.TestMethodWithDataProviderMethodWorker.call(TestMethodWithDataProviderMethodWorker.java:14)
	at java.util.concurrent.FutureTask.run(FutureTask.java:266)
	at java.util.concurrent.Executors$RunnableAdapter.call(Executors.java:511)
	at java.util.concurrent.FutureTask.run(FutureTask.java:266)
	at java.util.concurrent.ThreadPoolExecutor.runWorker(ThreadPoolExecutor.java:1149)
	at java.util.concurrent.ThreadPoolExecutor$Worker.run(ThreadPoolExecutor.java:624)
	at java.lang.Thread.run(Thread.java:750)
java.lang.RuntimeException
	at utils.Reporter.reportStep(Reporter.java:128)
	at utils.Reporter.reportStep(Reporter.java:138)
	at wrappers.SeleniumWrapper.locateElement(SeleniumWrapper.java:174)
	at wrappers.SeleniumWrapper.clickJavaScriptExecutor(SeleniumWrapper.java:348)
	at automationTesting.pages.NHSQuestionPage.userSelectsForWhichTypeOfEmploymentAndSupportAllowanceESADoYouOrYourPartnerGet(NHSQuestionPage.java:254)
	at sun.reflect.NativeMethodAccessorImpl.invoke0(Native Method)
	at sun.reflect.NativeMethodAccessorImpl.invoke(NativeMethodAccessorImpl.java:62)
	at sun.reflect.DelegatingMethodAccessorImpl.invoke(DelegatingMethodAccessorImpl.java:43)
	at java.lang.reflect.Method.invoke(Method.java:498)
	at cucumber.runtime.Utils$1.call(Utils.java:26)
	at cucumber.runtime.Timeout.timeout(Timeout.java:16)
	at cucumber.runtime.Utils.invoke(Utils.java:20)
	at cucumber.runtime.java.JavaStepDefinition.execute(JavaStepDefinition.java:48)
	at cucumber.runtime.PickleStepDefinitionMatch.runStep(PickleStepDefinitionMatch.java:50)
	at cucumber.runner.TestStep.executeStep(TestStep.java:55)
	at cucumber.runner.TestStep.run(TestStep.java:42)
	at cucumber.runner.PickleStepTestStep.run(PickleStepTestStep.java:53)
	at cucumber.runner.TestCase.run(TestCase.java:47)
	at cucumber.runner.Runner.runPickle(Runner.java:44)
	at cucumber.api.testng.TestNGCucumberRunner.runScenario(TestNGCucumberRunner.java:56)
	at automationTesting.runner.AutomationTestRunner.runFeature(AutomationTestRunner.java:31)
	at sun.reflect.GeneratedMethodAccessor7.invoke(Unknown Source)
	at sun.reflect.DelegatingMethodAccessorImpl.invoke(DelegatingMethodAccessorImpl.java:43)
	at java.lang.reflect.Method.invoke(Method.java:498)
	at org.testng.internal.MethodInvocationHelper.invokeMethod(MethodInvocationHelper.java:108)
	at org.testng.internal.Invoker.invokeMethod(Invoker.java:661)
	at org.testng.internal.Invoker.invokeTestMethod(Invoker.java:869)
	at org.testng.internal.TestMethodWithDataProviderMethodWorker.call(TestMethodWithDataProviderMethodWorker.java:75)
	at org.testng.internal.TestMethodWithDataProviderMethodWorker.call(TestMethodWithDataProviderMethodWorker.java:14)
	at java.util.concurrent.FutureTask.run(FutureTask.java:266)
	at java.util.concurrent.Executors$RunnableAdapter.call(Executors.java:511)
	at java.util.concurrent.FutureTask.run(FutureTask.java:266)
	at java.util.concurrent.ThreadPoolExecutor.runWorker(ThreadPoolExecutor.java:1149)
	at java.util.concurrent.ThreadPoolExecutor$Worker.run(ThreadPoolExecutor.java:624)
	at java.lang.Thread.run(Thread.java:750)
]]></system-err>
  </testcase>
  <testcase name="runFeature" classname="automationTesting.runner.AutomationTestRunner" time="0">
    <skipped/>
    <system-out><![CDATA[Envchrome
]]></system-out>
    <system-err><![CDATA[Starting ChromeDriver 108.0.5359.71 (1e0e3868ee06e91ad636a874420e3ca3ae3756ac-refs/branch-heads/5359@{#1016}) on port 32805
Only local connections are allowed.
Please see https://chromedriver.chromium.org/security-considerations for suggestions on keeping ChromeDriver safe.
ChromeDriver was started successfully.
]]></system-err>
  </testcase>
  <testcase name="runFeature" classname="automationTesting.runner.AutomationTestRunner" time="0">
    <skipped/>
    <system-out><![CDATA[Envchrome
]]></system-out>
    <system-err><![CDATA[Jan 04, 2023 10:30:41 AM org.openqa.selenium.remote.ProtocolHandshake createSession
INFO: Detected dialect: W3C
Starting ChromeDriver 108.0.5359.71 (1e0e3868ee06e91ad636a874420e3ca3ae3756ac-refs/branch-heads/5359@{#1016}) on port 3579
Only local connections are allowed.
Please see https://chromedriver.chromium.org/security-considerations for suggestions on keeping ChromeDriver safe.
ChromeDriver was started successfully.
Jan 04, 2023 10:30:43 AM org.openqa.selenium.remote.ProtocolHandshake createSession
INFO: Detected dialect: W3C
java.lang.RuntimeException
	at utils.Reporter.reportStep(Reporter.java:128)
	at utils.Reporter.reportStep(Reporter.java:138)
	at wrappers.SeleniumWrapper.locateElement(SeleniumWrapper.java:174)
	at wrappers.SeleniumWrapper.clickJavaScriptExecutor(SeleniumWrapper.java:348)
	at automationTesting.pages.NHSQuestionPage.userSelectsForWhichTypeOfJobseekerAllowanceJSADoYouOrYourPartnerGet(NHSQuestionPage.java:268)
	at sun.reflect.NativeMethodAccessorImpl.invoke0(Native Method)
	at sun.reflect.NativeMethodAccessorImpl.invoke(NativeMethodAccessorImpl.java:62)
	at sun.reflect.DelegatingMethodAccessorImpl.invoke(DelegatingMethodAccessorImpl.java:43)
	at java.lang.reflect.Method.invoke(Method.java:498)
	at cucumber.runtime.Utils$1.call(Utils.java:26)
	at cucumber.runtime.Timeout.timeout(Timeout.java:16)
	at cucumber.runtime.Utils.invoke(Utils.java:20)
	at cucumber.runtime.java.JavaStepDefinition.execute(JavaStepDefinition.java:48)
	at cucumber.runtime.PickleStepDefinitionMatch.runStep(PickleStepDefinitionMatch.java:50)
	at cucumber.runner.TestStep.executeStep(TestStep.java:55)
	at cucumber.runner.TestStep.run(TestStep.java:42)
	at cucumber.runner.PickleStepTestStep.run(PickleStepTestStep.java:53)
	at cucumber.runner.TestCase.run(TestCase.java:47)
	at cucumber.runner.Runner.runPickle(Runner.java:44)
	at cucumber.api.testng.TestNGCucumberRunner.runScenario(TestNGCucumberRunner.java:56)
	at automationTesting.runner.AutomationTestRunner.runFeature(AutomationTestRunner.java:31)
	at sun.reflect.GeneratedMethodAccessor7.invoke(Unknown Source)
	at sun.reflect.DelegatingMethodAccessorImpl.invoke(DelegatingMethodAccessorImpl.java:43)
	at java.lang.reflect.Method.invoke(Method.java:498)
	at org.testng.internal.MethodInvocationHelper.invokeMethod(MethodInvocationHelper.java:108)
	at org.testng.internal.Invoker.invokeMethod(Invoker.java:661)
	at org.testng.internal.Invoker.invokeTestMethod(Invoker.java:869)
	at org.testng.internal.TestMethodWithDataProviderMethodWorker.call(TestMethodWithDataProviderMethodWorker.java:75)
	at org.testng.internal.TestMethodWithDataProviderMethodWorker.call(TestMethodWithDataProviderMethodWorker.java:14)
	at java.util.concurrent.FutureTask.run(FutureTask.java:266)
	at java.util.concurrent.Executors$RunnableAdapter.call(Executors.java:511)
	at java.util.concurrent.FutureTask.run(FutureTask.java:266)
	at java.util.concurrent.ThreadPoolExecutor.runWorker(ThreadPoolExecutor.java:1149)
	at java.util.concurrent.ThreadPoolExecutor$Worker.run(ThreadPoolExecutor.java:624)
	at java.lang.Thread.run(Thread.java:750)
]]></system-err>
  </testcase>
  <testcase name="runFeature" classname="automationTesting.runner.AutomationTestRunner" time="0">
    <skipped/>
    <system-out><![CDATA[Envchrome
]]></system-out>
    <system-err><![CDATA[Starting ChromeDriver 108.0.5359.71 (1e0e3868ee06e91ad636a874420e3ca3ae3756ac-refs/branch-heads/5359@{#1016}) on port 33419
Only local connections are allowed.
Please see https://chromedriver.chromium.org/security-considerations for suggestions on keeping ChromeDriver safe.
ChromeDriver was started successfully.
Jan 04, 2023 10:30:53 AM org.openqa.selenium.remote.ProtocolHandshake createSession
INFO: Detected dialect: W3C
java.lang.RuntimeException
	at utils.Reporter.reportStep(Reporter.java:128)
	at utils.Reporter.reportStep(Reporter.java:138)
	at wrappers.SeleniumWrapper.locateElement(SeleniumWrapper.java:174)
	at wrappers.SeleniumWrapper.clickJavaScriptExecutor(SeleniumWrapper.java:348)
	at automationTesting.pages.NHSQuestionPage.userSelectsForWhichTypeOfJobseekerAllowanceJSADoYouOrYourPartnerGet(NHSQuestionPage.java:268)
	at sun.reflect.NativeMethodAccessorImpl.invoke0(Native Method)
	at sun.reflect.NativeMethodAccessorImpl.invoke(NativeMethodAccessorImpl.java:62)
	at sun.reflect.DelegatingMethodAccessorImpl.invoke(DelegatingMethodAccessorImpl.java:43)
	at java.lang.reflect.Method.invoke(Method.java:498)
	at cucumber.runtime.Utils$1.call(Utils.java:26)
	at cucumber.runtime.Timeout.timeout(Timeout.java:16)
	at cucumber.runtime.Utils.invoke(Utils.java:20)
	at cucumber.runtime.java.JavaStepDefinition.execute(JavaStepDefinition.java:48)
	at cucumber.runtime.PickleStepDefinitionMatch.runStep(PickleStepDefinitionMatch.java:50)
	at cucumber.runner.TestStep.executeStep(TestStep.java:55)
	at cucumber.runner.TestStep.run(TestStep.java:42)
	at cucumber.runner.PickleStepTestStep.run(PickleStepTestStep.java:53)
	at cucumber.runner.TestCase.run(TestCase.java:47)
	at cucumber.runner.Runner.runPickle(Runner.java:44)
	at cucumber.api.testng.TestNGCucumberRunner.runScenario(TestNGCucumberRunner.java:56)
	at automationTesting.runner.AutomationTestRunner.runFeature(AutomationTestRunner.java:31)
	at sun.reflect.GeneratedMethodAccessor7.invoke(Unknown Source)
	at sun.reflect.DelegatingMethodAccessorImpl.invoke(DelegatingMethodAccessorImpl.java:43)
	at java.lang.reflect.Method.invoke(Method.java:498)
	at org.testng.internal.MethodInvocationHelper.invokeMethod(MethodInvocationHelper.java:108)
	at org.testng.internal.Invoker.invokeMethod(Invoker.java:661)
	at org.testng.internal.Invoker.invokeTestMethod(Invoker.java:869)
	at org.testng.internal.TestMethodWithDataProviderMethodWorker.call(TestMethodWithDataProviderMethodWorker.java:75)
	at org.testng.internal.TestMethodWithDataProviderMethodWorker.call(TestMethodWithDataProviderMethodWorker.java:14)
	at java.util.concurrent.FutureTask.run(FutureTask.java:266)
	at java.util.concurrent.Executors$RunnableAdapter.call(Executors.java:511)
	at java.util.concurrent.FutureTask.run(FutureTask.java:266)
	at java.util.concurrent.ThreadPoolExecutor.runWorker(ThreadPoolExecutor.java:1149)
	at java.util.concurrent.ThreadPoolExecutor$Worker.run(ThreadPoolExecutor.java:624)
	at java.lang.Thread.run(Thread.java:750)
]]></system-err>
  </testcase>
  <testcase name="runFeature" classname="automationTesting.runner.AutomationTestRunner" time="0">
    <skipped/>
    <system-out><![CDATA[Envchrome
]]></system-out>
    <system-err><![CDATA[Starting ChromeDriver 108.0.5359.71 (1e0e3868ee06e91ad636a874420e3ca3ae3756ac-refs/branch-heads/5359@{#1016}) on port 19149
Only local connections are allowed.
Please see https://chromedriver.chromium.org/security-considerations for suggestions on keeping ChromeDriver safe.
ChromeDriver was started successfully.
Jan 04, 2023 10:31:09 AM org.openqa.selenium.remote.ProtocolHandshake createSession
INFO: Detected dialect: W3C
java.lang.RuntimeException
	at utils.Reporter.reportStep(Reporter.java:128)
	at utils.Reporter.reportStep(Reporter.java:138)
	at wrappers.SeleniumWrapper.locateElement(SeleniumWrapper.java:174)
	at wrappers.SeleniumWrapper.clickJavaScriptExecutor(SeleniumWrapper.java:348)
	at automationTesting.pages.NHSQuestionPage.userSelectsForWhichTypeOfJobseekerAllowanceJSADoYouOrYourPartnerGet(NHSQuestionPage.java:270)
	at sun.reflect.NativeMethodAccessorImpl.invoke0(Native Method)
	at sun.reflect.NativeMethodAccessorImpl.invoke(NativeMethodAccessorImpl.java:62)
	at sun.reflect.DelegatingMethodAccessorImpl.invoke(DelegatingMethodAccessorImpl.java:43)
	at java.lang.reflect.Method.invoke(Method.java:498)
	at cucumber.runtime.Utils$1.call(Utils.java:26)
	at cucumber.runtime.Timeout.timeout(Timeout.java:16)
	at cucumber.runtime.Utils.invoke(Utils.java:20)
	at cucumber.runtime.java.JavaStepDefinition.execute(JavaStepDefinition.java:48)
	at cucumber.runtime.PickleStepDefinitionMatch.runStep(PickleStepDefinitionMatch.java:50)
	at cucumber.runner.TestStep.executeStep(TestStep.java:55)
	at cucumber.runner.TestStep.run(TestStep.java:42)
	at cucumber.runner.PickleStepTestStep.run(PickleStepTestStep.java:53)
	at cucumber.runner.TestCase.run(TestCase.java:47)
	at cucumber.runner.Runner.runPickle(Runner.java:44)
	at cucumber.api.testng.TestNGCucumberRunner.runScenario(TestNGCucumberRunner.java:56)
	at automationTesting.runner.AutomationTestRunner.runFeature(AutomationTestRunner.java:31)
	at sun.reflect.GeneratedMethodAccessor7.invoke(Unknown Source)
	at sun.reflect.DelegatingMethodAccessorImpl.invoke(DelegatingMethodAccessorImpl.java:43)
	at java.lang.reflect.Method.invoke(Method.java:498)
	at org.testng.internal.MethodInvocationHelper.invokeMethod(MethodInvocationHelper.java:108)
	at org.testng.internal.Invoker.invokeMethod(Invoker.java:661)
	at org.testng.internal.Invoker.invokeTestMethod(Invoker.java:869)
	at org.testng.internal.TestMethodWithDataProviderMethodWorker.call(TestMethodWithDataProviderMethodWorker.java:75)
	at org.testng.internal.TestMethodWithDataProviderMethodWorker.call(TestMethodWithDataProviderMethodWorker.java:14)
	at java.util.concurrent.FutureTask.run(FutureTask.java:266)
	at java.util.concurrent.Executors$RunnableAdapter.call(Executors.java:511)
	at java.util.concurrent.FutureTask.run(FutureTask.java:266)
	at java.util.concurrent.ThreadPoolExecutor.runWorker(ThreadPoolExecutor.java:1149)
	at java.util.concurrent.ThreadPoolExecutor$Worker.run(ThreadPoolExecutor.java:624)
	at java.lang.Thread.run(Thread.java:750)
]]></system-err>
  </testcase>
  <testcase name="runFeature" classname="automationTesting.runner.AutomationTestRunner" time="0">
    <skipped/>
    <system-out><![CDATA[Envchrome
]]></system-out>
    <system-err><![CDATA[Starting ChromeDriver 108.0.5359.71 (1e0e3868ee06e91ad636a874420e3ca3ae3756ac-refs/branch-heads/5359@{#1016}) on port 25690
Only local connections are allowed.
Please see https://chromedriver.chromium.org/security-considerations for suggestions on keeping ChromeDriver safe.
ChromeDriver was started successfully.
Jan 04, 2023 10:31:23 AM org.openqa.selenium.remote.ProtocolHandshake createSession
INFO: Detected dialect: W3C
java.lang.RuntimeException
	at utils.Reporter.reportStep(Reporter.java:128)
	at utils.Reporter.reportStep(Reporter.java:138)
	at wrappers.SeleniumWrapper.locateElement(SeleniumWrapper.java:174)
	at wrappers.SeleniumWrapper.clickJavaScriptExecutor(SeleniumWrapper.java:348)
	at automationTesting.pages.NHSQuestionPage.userSelectsForWhichTypeOfJobseekerAllowanceJSADoYouOrYourPartnerGet(NHSQuestionPage.java:270)
	at sun.reflect.NativeMethodAccessorImpl.invoke0(Native Method)
	at sun.reflect.NativeMethodAccessorImpl.invoke(NativeMethodAccessorImpl.java:62)
	at sun.reflect.DelegatingMethodAccessorImpl.invoke(DelegatingMethodAccessorImpl.java:43)
	at java.lang.reflect.Method.invoke(Method.java:498)
	at cucumber.runtime.Utils$1.call(Utils.java:26)
	at cucumber.runtime.Timeout.timeout(Timeout.java:16)
	at cucumber.runtime.Utils.invoke(Utils.java:20)
	at cucumber.runtime.java.JavaStepDefinition.execute(JavaStepDefinition.java:48)
	at cucumber.runtime.PickleStepDefinitionMatch.runStep(PickleStepDefinitionMatch.java:50)
	at cucumber.runner.TestStep.executeStep(TestStep.java:55)
	at cucumber.runner.TestStep.run(TestStep.java:42)
	at cucumber.runner.PickleStepTestStep.run(PickleStepTestStep.java:53)
	at cucumber.runner.TestCase.run(TestCase.java:47)
	at cucumber.runner.Runner.runPickle(Runner.java:44)
	at cucumber.api.testng.TestNGCucumberRunner.runScenario(TestNGCucumberRunner.java:56)
	at automationTesting.runner.AutomationTestRunner.runFeature(AutomationTestRunner.java:31)
	at sun.reflect.GeneratedMethodAccessor7.invoke(Unknown Source)
	at sun.reflect.DelegatingMethodAccessorImpl.invoke(DelegatingMethodAccessorImpl.java:43)
	at java.lang.reflect.Method.invoke(Method.java:498)
	at org.testng.internal.MethodInvocationHelper.invokeMethod(MethodInvocationHelper.java:108)
	at org.testng.internal.Invoker.invokeMethod(Invoker.java:661)
	at org.testng.internal.Invoker.invokeTestMethod(Invoker.java:869)
	at org.testng.internal.TestMethodWithDataProviderMethodWorker.call(TestMethodWithDataProviderMethodWorker.java:75)
[...]
	at utils.Reporter.reportStep(Reporter.java:128)
	at utils.Reporter.reportStep(Reporter.java:138)
	at wrappers.SeleniumWrapper.clickJavaScriptExecutor(SeleniumWrapper.java:352)
	at automationTesting.pages.NHSQuestionPage.userSelectsForWhichTypeOfTaxCreditDoYouOrYourPartnerGets(NHSQuestionPage.java:213)
	at ?.User selects Working Tax Credit and Child Tax Credit together for which type of tax credit do you or your partner gets(src/test/resources/features/Automation/NHSCost.feature:743)

java.lang.RuntimeException
	at utils.Reporter.reportStep(Reporter.java:128)
	at utils.Reporter.reportStep(Reporter.java:138)
	at wrappers.SeleniumWrapper.clickJavaScriptExecutor(SeleniumWrapper.java:352)
	at automationTesting.pages.NHSQuestionPage.userSelectsForWhichTypeOfTaxCreditDoYouOrYourPartnerGets(NHSQuestionPage.java:215)
	at ?.User selects Child Tax Credit on its own for which type of tax credit do you or your partner gets(src/test/resources/features/Automation/NHSCost.feature:743)

java.lang.RuntimeException
	at utils.Reporter.reportStep(Reporter.java:128)
	at utils.Reporter.reportStep(Reporter.java:138)
	at wrappers.SeleniumWrapper.clickJavaScriptExecutor(SeleniumWrapper.java:352)
	at automationTesting.pages.NHSQuestionPage.userSelectsForWhichTypeOfTaxCreditDoYouOrYourPartnerGets(NHSQuestionPage.java:211)
	at ?.User selects Working Tax Credit on its own for which type of tax credit do you or your partner gets(src/test/resources/features/Automation/NHSCost.feature:779)

java.lang.RuntimeException
	at utils.Reporter.reportStep(Reporter.java:128)
	at utils.Reporter.reportStep(Reporter.java:138)
	at wrappers.SeleniumWrapper.clickJavaScriptExecutor(SeleniumWrapper.java:352)
	at automationTesting.pages.NHSQuestionPage.userSelectsForWhichTypeOfTaxCreditDoYouOrYourPartnerGets(NHSQuestionPage.java:211)
	at ?.User selects Working Tax Credit on its own for which type of tax credit do you or your partner gets(src/test/resources/features/Automation/NHSCost.feature:779)

java.lang.RuntimeException
	at utils.Reporter.reportStep(Reporter.java:128)
	at utils.Reporter.reportStep(Reporter.java:138)
	at wrappers.SeleniumWrapper.clickJavaScriptExecutor(SeleniumWrapper.java:352)
	at automationTesting.pages.NHSQuestionPage.userSelectsForWhichTypeOfEmploymentAndSupportAllowanceESADoYouOrYourPartnerGet(NHSQuestionPage.java:252)
	at ?.User selects Income Related ESA for which type of Employment and Support Allowance ESA do you or your partner get(src/test/resources/features/Automation/NHSCost.feature:851)

java.lang.RuntimeException
	at utils.Reporter.reportStep(Reporter.java:128)
	at utils.Reporter.reportStep(Reporter.java:138)
	at wrappers.SeleniumWrapper.clickJavaScriptExecutor(SeleniumWrapper.java:352)
	at automationTesting.pages.NHSQuestionPage.userSelectsForWhichTypeOfEmploymentAndSupportAllowanceESADoYouOrYourPartnerGet(NHSQuestionPage.java:252)
	at ?.User selects Income Related ESA for which type of Employment and Support Allowance ESA do you or your partner get(src/test/resources/features/Automation/NHSCost.feature:851)

java.lang.RuntimeException
	at utils.Reporter.reportStep(Reporter.java:128)
	at utils.Reporter.reportStep(Reporter.java:138)
	at wrappers.SeleniumWrapper.clickJavaScriptExecutor(SeleniumWrapper.java:352)
	at automationTesting.pages.NHSQuestionPage.userSelectsForWhichTypeOfEmploymentAndSupportAllowanceESADoYouOrYourPartnerGet(NHSQuestionPage.java:254)
	at ?.User selects Contribution based ESA for which type of Employment and Support Allowance ESA do you or your partner get(src/test/resources/features/Automation/NHSCost.feature:881)

java.lang.RuntimeException
	at utils.Reporter.reportStep(Reporter.java:128)
	at utils.Reporter.reportStep(Reporter.java:138)
	at wrappers.SeleniumWrapper.clickJavaScriptExecutor(SeleniumWrapper.java:352)
	at automationTesting.pages.NHSQuestionPage.userSelectsForWhichTypeOfEmploymentAndSupportAllowanceESADoYouOrYourPartnerGet(NHSQuestionPage.java:254)
	at ?.User selects Contribution based ESA for which type of Employment and Support Allowance ESA do you or your partner get(src/test/resources/features/Automation/NHSCost.feature:881)

java.lang.RuntimeException
	at utils.Reporter.reportStep(Reporter.java:128)
	at utils.Reporter.reportStep(Reporter.java:138)
	at wrappers.SeleniumWrapper.clickJavaScriptExecutor(SeleniumWrapper.java:352)
	at automationTesting.pages.NHSQuestionPage.userSelectsForWhichTypeOfJobseekerAllowanceJSADoYouOrYourPartnerGet(NHSQuestionPage.java:268)
	at ?.User selects Income Related JSA for which type of Jobseeker Allowance JSA do you or your partner get(src/test/resources/features/Automation/NHSCost.feature:925)

java.lang.RuntimeException
	at utils.Reporter.reportStep(Reporter.java:128)
	at utils.Reporter.reportStep(Reporter.java:138)
	at wrappers.SeleniumWrapper.clickJavaScriptExecutor(SeleniumWrapper.java:352)
	at automationTesting.pages.NHSQuestionPage.userSelectsForWhichTypeOfJobseekerAllowanceJSADoYouOrYourPartnerGet(NHSQuestionPage.java:268)
	at ?.User selects Income Related JSA for which type of Jobseeker Allowance JSA do you or your partner get(src/test/resources/features/Automation/NHSCost.feature:925)

java.lang.RuntimeException
	at utils.Reporter.reportStep(Reporter.java:128)
	at utils.Reporter.reportStep(Reporter.java:138)
	at wrappers.SeleniumWrapper.clickJavaScriptExecutor(SeleniumWrapper.java:352)
	at automationTesting.pages.NHSQuestionPage.userSelectsForWhichTypeOfJobseekerAllowanceJSADoYouOrYourPartnerGet(NHSQuestionPage.java:270)
	at ?.User selects Contribution based JSA for which type of Jobseeker Allowance JSA do you or your partner get(src/test/resources/features/Automation/NHSCost.feature:955)

java.lang.RuntimeException
	at utils.Reporter.reportStep(Reporter.java:128)
	at utils.Reporter.reportStep(Reporter.java:138)
	at wrappers.SeleniumWrapper.clickJavaScriptExecutor(SeleniumWrapper.java:352)
	at automationTesting.pages.NHSQuestionPage.userSelectsForWhichTypeOfJobseekerAllowanceJSADoYouOrYourPartnerGet(NHSQuestionPage.java:270)
	at ?.User selects Contribution based JSA for which type of Jobseeker Allowance JSA do you or your partner get(src/test/resources/features/Automation/NHSCost.feature:955)

java.lang.RuntimeException
	at utils.Reporter.reportStep(Reporter.java:128)
	at utils.Reporter.reportStep(Reporter.java:138)
	at wrappers.SeleniumWrapper.clickJavaScriptExecutor(SeleniumWrapper.java:352)
	at automationTesting.pages.NHSQuestionPage.userSelectsForWhatTypeOfPensionCreditDoYouOrYourPartnerGet(NHSQuestionPage.java:285)
	at ?.User selects Guarantee Credit only for what type of Pension Credit do you or your partner get(src/test/resources/features/Automation/NHSCost.feature:999)

java.lang.RuntimeException
	at utils.Reporter.reportStep(Reporter.java:128)
	at utils.Reporter.reportStep(Reporter.java:138)
	at wrappers.SeleniumWrapper.clickJavaScriptExecutor(SeleniumWrapper.java:352)
	at automationTesting.pages.NHSQuestionPage.userSelectsForWhatTypeOfPensionCreditDoYouOrYourPartnerGet(NHSQuestionPage.java:287)
	at ?.User selects Guarantee Credit with Savings Credit for what type of Pension Credit do you or your partner get(src/test/resources/features/Automation/NHSCost.feature:999)

java.lang.RuntimeException
	at utils.Reporter.reportStep(Reporter.java:128)
	at utils.Reporter.reportStep(Reporter.java:138)
	at wrappers.SeleniumWrapper.clickJavaScriptExecutor(SeleniumWrapper.java:352)
	at automationTesting.pages.NHSQuestionPage.userSelectsForWhatTypeOfPensionCreditDoYouOrYourPartnerGet(NHSQuestionPage.java:285)
	at ?.User selects Guarantee Credit only for what type of Pension Credit do you or your partner get(src/test/resources/features/Automation/NHSCost.feature:999)

java.lang.RuntimeException
	at utils.Reporter.reportStep(Reporter.java:128)
	at utils.Reporter.reportStep(Reporter.java:138)
	at wrappers.SeleniumWrapper.clickJavaScriptExecutor(SeleniumWrapper.java:352)
	at automationTesting.pages.NHSQuestionPage.userSelectsForWhatTypeOfPensionCreditDoYouOrYourPartnerGet(NHSQuestionPage.java:287)
	at ?.User selects Guarantee Credit with Savings Credit for what type of Pension Credit do you or your partner get(src/test/resources/features/Automation/NHSCost.feature:999)

java.lang.RuntimeException
	at utils.Reporter.reportStep(Reporter.java:128)
	at utils.Reporter.reportStep(Reporter.java:138)
	at wrappers.SeleniumWrapper.clickJavaScriptExecutor(SeleniumWrapper.java:352)
	at automationTesting.pages.NHSQuestionPage.userSelectsForWhatTypeOfPensionCreditDoYouOrYourPartnerGet(NHSQuestionPage.java:289)
	at ?.User selects Savings Credit for what type of Pension Credit do you or your partner get(src/test/resources/features/Automation/NHSCost.feature:1031)

java.lang.RuntimeException
	at utils.Reporter.reportStep(Reporter.java:128)
	at utils.Reporter.reportStep(Reporter.java:138)
	at wrappers.SeleniumWrapper.clickJavaScriptExecutor(SeleniumWrapper.java:352)
	at automationTesting.pages.NHSQuestionPage.userSelectsForWhatTypeOfPensionCreditDoYouOrYourPartnerGet(NHSQuestionPage.java:289)
	at ?.User selects Savings Credit for what type of Pension Credit do you or your partner get(src/test/resources/features/Automation/NHSCost.feature:1031)

java.lang.RuntimeException
	at utils.Reporter.reportStep(Reporter.java:128)
	at utils.Reporter.reportStep(Reporter.java:138)
	at wrappers.SeleniumWrapper.clickJavaScriptExecutor(SeleniumWrapper.java:352)
	at automationTesting.pages.NHSQuestionPage.userSelectsNoForAreYouPregnantOrHaveYouGivenBirthInTheLastMonths(NHSQuestionPage.java:74)
	at ?.User selects NO for are you pregnant or have you given birth in the last 12 months(src/test/resources/features/Automation/NHSCost.feature:1077)

java.lang.RuntimeException
	at utils.Reporter.reportStep(Reporter.java:128)
	at utils.Reporter.reportStep(Reporter.java:138)
	at wrappers.SeleniumWrapper.clickJavaScriptExecutor(SeleniumWrapper.java:352)
	at automationTesting.pages.NHSQuestionPage.userSelectsNoForAreYouPregnantOrHaveYouGivenBirthInTheLastMonths(NHSQuestionPage.java:74)
	at ?.User selects NO for are you pregnant or have you given birth in the last 12 months(src/test/resources/features/Automation/NHSCost.feature:1077)

Envfirefox
Envfirefox
Envfirefox
Envfirefox
Envfirefox
]]></system-out>
  </testcase>
  <testcase name="setEnvironment" classname="automationTesting.runner.AutomationTestRunner" time="0">
    <skipped/>
  </testcase>
  <testcase name="setEnvironment" classname="automationTesting.runner.AutomationTestRunner" time="0">
    <skipped/>
  </testcase>
  <testcase name="setEnvironment" classname="automationTesting.runner.AutomationTestRunner" time="0">
    <skipped/>
  </testcase>
  <testcase name="setEnvironment" classname="automationTesting.runner.AutomationTestRunner" time="0">
    <skipped/>
  </testcase>
  <testcase name="setEnvironment" classname="automationTesting.runner.AutomationTestRunner" time="0">
    <skipped/>
  </testcase>
  <testcase name="setEnvironment" classname="automationTesting.runner.AutomationTestRunner" time="0">
    <skipped/>
  </testcase>
  <testcase name="setEnvironment" classname="automationTesting.runner.AutomationTestRunner" time="0">
    <skipped/>
  </testcase>
  <testcase name="setEnvironment" classname="automationTesting.runner.AutomationTestRunner" time="0">
    <skipped/>
  </testcase>
  <testcase name="setEnvironment" classname="automationTesting.runner.AutomationTestRunner" time="0">
    <skipped/>
  </testcase>
  <testcase name="setEnvironment" classname="automationTesting.runner.AutomationTestRunner" time="0">
    <skipped/>
  </testcase>
  <testcase name="setEnvironment" classname="automationTesting.runner.AutomationTestRunner" time="0">
    <skipped/>
  </testcase>
  <testcase name="setEnvironment" classname="automationTesting.runner.AutomationTestRunner" time="0">
    <skipped/>
  </testcase>
  <testcase name="setEnvironment" classname="automationTesting.runner.AutomationTestRunner" time="0">
    <skipped/>
  </testcase>
  <testcase name="setEnvironment" classname="automationTesting.runner.AutomationTestRunner" time="0">
    <skipped/>
  </testcase>
  <testcase name="setEnvironment" classname="automationTesting.runner.AutomationTestRunner" time="0">
    <skipped/>
  </testcase>
  <testcase name="setEnvironment" classname="automationTesting.runner.AutomationTestRunner" time="0">
    <skipped/>
  </testcase>
  <testcase name="setEnvironment" classname="automationTesting.runner.AutomationTestRunner" time="0">
    <skipped/>
  </testcase>
  <testcase name="setEnvironment" classname="automationTesting.runner.AutomationTestRunner" time="0">
    <skipped/>
  </testcase>
  <testcase name="setEnvironment" classname="automationTesting.runner.AutomationTestRunner" time="0">
    <skipped/>
  </testcase>
  <testcase name="setEnvironment" classname="automationTesting.runner.AutomationTestRunner" time="0">
    <skipped/>
  </testcase>
  <testcase name="setEnvironment" classname="automationTesting.runner.AutomationTestRunner" time="0">
    <skipped/>
  </testcase>
  <testcase name="setEnvironment" classname="automationTesting.runner.AutomationTestRunner" time="0">
    <skipped/>
  </testcase>
  <testcase name="setEnvironment" classname="automationTesting.runner.AutomationTestRunner" time="0">
    <skipped/>
  </testcase>
  <testcase name="setEnvironment" classname="automationTesting.runner.AutomationTestRunner" time="0">
    <skipped/>
  </testcase>
  <testcase name="setEnvironment" classname="automationTesting.runner.AutomationTestRunner" time="0">
    <skipped/>
  </testcase>
  <testcase name="setEnvironment" classname="automationTesting.runner.AutomationTestRunner" time="0">
    <skipped/>
  </testcase>
  <testcase name="setEnvironment" classname="automationTesting.runner.AutomationTestRunner" time="0">
    <skipped/>
  </testcase>
  <testcase name="setEnvironment" classname="automationTesting.runner.AutomationTestRunner" time="0">
    <skipped/>
  </testcase>
  <testcase name="setEnvironment" classname="automationTesting.runner.AutomationTestRunner" time="0">
    <skipped/>
  </testcase>
  <testcase name="setEnvironment" classname="automationTesting.runner.AutomationTestRunner" time="0">
    <skipped/>
  </testcase>
  <testcase name="setEnvironment" classname="automationTesting.runner.AutomationTestRunner" time="0">
    <skipped/>
  </testcase>
  <testcase name="setEnvironment" classname="automationTesting.runner.AutomationTestRunner" time="0">
    <skipped/>
  </testcase>
  <testcase name="setEnvironment" classname="automationTesting.runner.AutomationTestRunner" time="0">
    <skipped/>
  </testcase>
  <testcase name="setEnvironment" classname="automationTesting.runner.AutomationTestRunner" time="0">
    <skipped/>
  </testcase>
  <testcase name="setEnvironment" classname="automationTesting.runner.AutomationTestRunner" time="0">
    <skipped/>
  </testcase>
  <testcase name="setEnvironment" classname="automationTesting.runner.AutomationTestRunner" time="0">
    <skipped/>
  </testcase>
  <testcase name="setEnvironment" classname="automationTesting.runner.AutomationTestRunner" time="0">
    <skipped/>
  </testcase>
  <testcase name="setEnvironment" classname="automationTesting.runner.AutomationTestRunner" time="0">
    <skipped/>
  </testcase>
  <testcase name="setEnvironment" classname="automationTesting.runner.AutomationTestRunner" time="0">
    <skipped/>
  </testcase>
  <testcase name="setEnvironment" classname="automationTesting.runner.AutomationTestRunner" time="0">
    <skipped/>
  </testcase>
  <testcase name="setEnvironment" classname="automationTesting.runner.AutomationTestRunner" time="0">
    <skipped/>
  </testcase>
  <testcase name="setEnvironment" classname="automationTesting.runner.AutomationTestRunner" time="0">
    <skipped/>
  </testcase>
  <testcase name="setEnvironment" classname="automationTesting.runner.AutomationTestRunner" time="0">
    <skipped/>
  </testcase>
  <testcase name="setEnvironment" classname="automationTesting.runner.AutomationTestRunner" time="0">
    <skipped/>
  </testcase>
  <testcase name="setEnvironment" classname="automationTesting.runner.AutomationTestRunner" time="0">
    <skipped/>
  </testcase>
  <testcase name="setEnvironment" classname="automationTesting.runner.AutomationTestRunner" time="0">
    <skipped/>
  </testcase>
  <testcase name="setEnvironment" classname="automationTesting.runner.AutomationTestRunner" time="0">
    <skipped/>
  </testcase>
  <testcase name="setEnvironment" classname="automationTesting.runner.AutomationTestRunner" time="0">
    <skipped/>
  </testcase>
  <testcase name="setEnvironment" classname="automationTesting.runner.AutomationTestRunner" time="0">
    <skipped/>
  </testcase>
  <testcase name="setEnvironment" classname="automationTesting.runner.AutomationTestRunner" time="0">
    <skipped/>
  </testcase>
  <testcase name="setEnvironment" classname="automationTesting.runner.AutomationTestRunner" time="0">
    <skipped/>
  </testcase>
  <testcase name="setEnvironment" classname="automationTesting.runner.AutomationTestRunner" time="0">
    <skipped/>
  </testcase>
  <testcase name="setEnvironment" classname="automationTesting.runner.AutomationTestRunner" time="0">
    <skipped/>
  </testcase>
  <testcase name="setEnvironment" classname="automationTesting.runner.AutomationTestRunner" time="0">
    <skipped/>
  </testcase>
  <testcase name="setEnvironment" classname="automationTesting.runner.AutomationTestRunner" time="0">
    <skipped/>
  </testcase>
  <testcase name="setEnvironment" classname="automationTesting.runner.AutomationTestRunner" time="0">
    <skipped/>
  </testcase>
  <testcase name="setEnvironment" classname="automationTesting.runner.AutomationTestRunner" time="0">
    <skipped/>
  </testcase>
  <testcase name="setEnvironment" classname="automationTesting.runner.AutomationTestRunner" time="0">
    <skipped/>
  </testcase>
  <testcase name="setEnvironment" classname="automationTesting.runner.AutomationTestRunner" time="0">
    <skipped/>
  </testcase>
  <testcase name="setEnvironment" classname="automationTesting.runner.AutomationTestRunner" time="0">
    <skipped/>
  </testcase>
  <testcase name="setEnvironment" classname="automationTesting.runner.AutomationTestRunner" time="0">
    <skipped/>
  </testcase>
  <testcase name="setEnvironment" classname="automationTesting.runner.AutomationTestRunner" time="0">
    <skipped/>
  </testcase>
  <testcase name="setEnvironment" classname="automationTesting.runner.AutomationTestRunner" time="0">
    <skipped/>
  </testcase>
  <testcase name="setEnvironment" classname="automationTesting.runner.AutomationTestRunner" time="0">
    <skipped/>
  </testcase>
  <testcase name="setEnvironment" classname="automationTesting.runner.AutomationTestRunner" time="0">
    <skipped/>
  </testcase>
  <testcase name="setEnvironment" classname="automationTesting.runner.AutomationTestRunner" time="0">
    <skipped/>
  </testcase>
  <testcase name="setEnvironment" classname="automationTesting.runner.AutomationTestRunner" time="0">
    <skipped/>
  </testcase>
  <testcase name="setEnvironment" classname="automationTesting.runner.AutomationTestRunner" time="0">
    <skipped/>
  </testcase>
  <testcase name="setEnvironment" classname="automationTesting.runner.AutomationTestRunner" time="0">
    <skipped/>
  </testcase>
  <testcase name="setEnvironment" classname="automationTesting.runner.AutomationTestRunner" time="0">
    <skipped/>
  </testcase>
  <testcase name="setEnvironment" classname="automationTesting.runner.AutomationTestRunner" time="0">
    <skipped/>
  </testcase>
  <testcase name="setEnvironment" classname="automationTesting.runner.AutomationTestRunner" time="0">
    <skipped/>
  </testcase>
  <testcase name="setEnvironment" classname="automationTesting.runner.AutomationTestRunner" time="0">
    <skipped/>
  </testcase>
  <testcase name="afterSuite" classname="automationTesting.runner.AutomationTestRunner" time="0">
    <skipped/>
    <system-out><![CDATA[
0 Scenarios
0 Steps
8m17.603s

]]></system-out>
  </testcase>
</testsuite>